[    0.000000] Initializing cgroup subsys cpuset
[    0.000000] Initializing cgroup subsys cpu
[    0.000000] Initializing cgroup subsys cpuacct
[    0.000000] Linux version 4.4.0-210-generic (buildd@lgw01-amd64-009) (gcc version 5.4.0 20160609 (Ubuntu 5.4.0-6ubuntu1~16.04.12) ) #242-Ubuntu SMP Fri Apr 16 09:57:56 UTC 2021 (Ubuntu 4.4.0-210.242-generic 4.4.262)
[    0.000000] Command line: BOOT_IMAGE=/boot/vmlinuz-4.4.0-210-generic root=LABEL=cloudimg-rootfs ro console=tty1 console=ttyS0
[    0.000000] KERNEL supported cpus:
[    0.000000]   Intel GenuineIntel
[    0.000000]   AMD AuthenticAMD
[    0.000000]   Centaur CentaurHauls
[    0.000000] x86/fpu: Legacy x87 FPU detected.
[    0.000000] e820: BIOS-provided physical RAM map:
[    0.000000] BIOS-e820: [mem 0x0000000000000000-0x000000000009fbff] usable
[    0.000000] BIOS-e820: [mem 0x000000000009fc00-0x000000000009ffff] reserved
[    0.000000] BIOS-e820: [mem 0x00000000000f0000-0x00000000000fffff] reserved
[    0.000000] BIOS-e820: [mem 0x0000000000100000-0x000000003ffeffff] usable
[    0.000000] BIOS-e820: [mem 0x000000003fff0000-0x000000003fffffff] ACPI data
[    0.000000] BIOS-e820: [mem 0x00000000fec00000-0x00000000fec00fff] reserved
[    0.000000] BIOS-e820: [mem 0x00000000fee00000-0x00000000fee00fff] reserved
[    0.000000] BIOS-e820: [mem 0x00000000fffc0000-0x00000000ffffffff] reserved
[    0.000000] NX (Execute Disable) protection: active
[    0.000000] SMBIOS 2.5 present.
[    0.000000] Hypervisor detected: KVM
[    0.000000] Kernel/User page tables isolation: disabled
[    0.000000] e820: last_pfn = 0x3fff0 max_arch_pfn = 0x400000000
[    0.000000] MTRR: Disabled
[    0.000000] x86/PAT: MTRRs disabled, skipping PAT initialization too.
[    0.000000] CPU MTRRs all blank - virtualized system.
[    0.000000] x86/PAT: Configuration [0-7]: WB  WT  UC- UC  WB  WT  UC- UC  
[    0.000000] found SMP MP-table at [mem 0x0009fff0-0x0009ffff] mapped at [ffff88000009fff0]
[    0.000000] Scanning 1 areas for low memory corruption
[    0.000000] RAMDISK: [mem 0x362dc000-0x37165fff]
[    0.000000] ACPI: Early table checksum verification disabled
[    0.000000] ACPI: RSDP 0x00000000000E0000 000024 (v02 VBOX  )
[    0.000000] ACPI: XSDT 0x000000003FFF0030 00003C (v01 VBOX   VBOXXSDT 00000001 ASL  00000061)
[    0.000000] ACPI: FACP 0x000000003FFF00F0 0000F4 (v04 VBOX   VBOXFACP 00000001 ASL  00000061)
[    0.000000] ACPI: DSDT 0x000000003FFF0610 002353 (v02 VBOX   VBOXBIOS 00000002 INTL 20100528)
[    0.000000] ACPI: FACS 0x000000003FFF0200 000040
[    0.000000] ACPI: FACS 0x000000003FFF0200 000040
[    0.000000] ACPI: APIC 0x000000003FFF0240 000054 (v02 VBOX   VBOXAPIC 00000001 ASL  00000061)
[    0.000000] ACPI: SSDT 0x000000003FFF02A0 00036C (v01 VBOX   VBOXCPUT 00000002 INTL 20100528)
[    0.000000] No NUMA configuration found
[    0.000000] Faking a node at [mem 0x0000000000000000-0x000000003ffeffff]
[    0.000000] NODE_DATA(0) allocated [mem 0x3ffeb000-0x3ffeffff]
[    0.000000] kvm-clock: Using msrs 4b564d01 and 4b564d00
[    0.000000] kvm-clock: cpu 0, msr 0:3ffe3001, primary cpu clock
[    0.000000] kvm-clock: using sched offset of 3866606308 cycles
[    0.000000] clocksource: kvm-clock: mask: 0xffffffffffffffff max_cycles: 0x1cd42e4dffb, max_idle_ns: 881590591483 ns
[    0.000000] Zone ranges:
[    0.000000]   DMA      [mem 0x0000000000001000-0x0000000000ffffff]
[    0.000000]   DMA32    [mem 0x0000000001000000-0x000000003ffeffff]
[    0.000000]   Normal   empty
[    0.000000]   Device   empty
[    0.000000] Movable zone start for each node
[    0.000000] Early memory node ranges
[    0.000000]   node   0: [mem 0x0000000000001000-0x000000000009efff]
[    0.000000]   node   0: [mem 0x0000000000100000-0x000000003ffeffff]
[    0.000000] Initmem setup node 0 [mem 0x0000000000001000-0x000000003ffeffff]
[    0.000000] ACPI: PM-Timer IO Port: 0x4008
[    0.000000] IOAPIC[0]: apic_id 1, version 32, address 0xfec00000, GSI 0-23
[    0.000000] ACPI: INT_SRC_OVR (bus 0 bus_irq 0 global_irq 2 dfl dfl)
[    0.000000] ACPI: INT_SRC_OVR (bus 0 bus_irq 9 global_irq 9 low level)
[    0.000000] Using ACPI (MADT) for SMP configuration information
[    0.000000] smpboot: Allowing 1 CPUs, 0 hotplug CPUs
[    0.000000] PM: Registered nosave memory: [mem 0x00000000-0x00000fff]
[    0.000000] PM: Registered nosave memory: [mem 0x0009f000-0x0009ffff]
[    0.000000] PM: Registered nosave memory: [mem 0x000a0000-0x000effff]
[    0.000000] PM: Registered nosave memory: [mem 0x000f0000-0x000fffff]
[    0.000000] e820: [mem 0x40000000-0xfebfffff] available for PCI devices
[    0.000000] Booting paravirtualized kernel on KVM
[    0.000000] clocksource: refined-jiffies: mask: 0xffffffff max_cycles: 0xffffffff, max_idle_ns: 7645519600211568 ns
[    0.000000] setup_percpu: NR_CPUS:512 nr_cpumask_bits:512 nr_cpu_ids:1 nr_node_ids:1
[    0.000000] PERCPU: Embedded 33 pages/cpu @ffff88003fc00000 s95192 r8192 d31784 u2097152
[    0.000000] Built 1 zonelists in Node order, mobility grouping on.  Total pages: 257912
[    0.000000] Policy zone: DMA32
[    0.000000] Kernel command line: BOOT_IMAGE=/boot/vmlinuz-4.4.0-210-generic root=LABEL=cloudimg-rootfs ro console=tty1 console=ttyS0
[    0.000000] PID hash table entries: 4096 (order: 3, 32768 bytes)
[    0.000000] Memory: 997924K/1048120K available (8644K kernel code, 1332K rwdata, 4044K rodata, 1492K init, 1164K bss, 50196K reserved, 0K cma-reserved)
[    0.000000] SLUB: HWalign=64, Order=0-3, MinObjects=0, CPUs=1, Nodes=1
[    0.000000] Hierarchical RCU implementation.
[    0.000000] 	Build-time adjustment of leaf fanout to 64.
[    0.000000] 	RCU restricting CPUs from NR_CPUS=512 to nr_cpu_ids=1.
[    0.000000] RCU: Adjusting geometry for rcu_fanout_leaf=64, nr_cpu_ids=1
[    0.000000] NR_IRQS:33024 nr_irqs:256 16
[    0.000000] Console: colour VGA+ 80x25
[    0.000000] console [tty1] enabled
[    0.000000] console [ttyS0] enabled
[    0.000000] tsc: Detected 2419.210 MHz processor
[    0.872700] Calibrating delay loop (skipped) preset value.. 4838.42 BogoMIPS (lpj=9676840)
[    0.885431] pid_max: default: 32768 minimum: 301
[    0.894624] ACPI: Core revision 20150930
[    0.901706] ACPI: 2 ACPI AML tables successfully acquired and loaded
[    0.914147] Security Framework initialized
[    0.919170] Yama: becoming mindful.
[    0.922782] AppArmor: AppArmor initialized
[    0.926835] Dentry cache hash table entries: 131072 (order: 8, 1048576 bytes)
[    0.938024] Inode-cache hash table entries: 65536 (order: 7, 524288 bytes)
[    0.952591] Mount-cache hash table entries: 2048 (order: 2, 16384 bytes)
[    0.961377] Mountpoint-cache hash table entries: 2048 (order: 2, 16384 bytes)
[    0.973227] Initializing cgroup subsys io
[    0.978668] Initializing cgroup subsys memory
[    0.983555] Initializing cgroup subsys devices
[    0.995268] Initializing cgroup subsys freezer
[    1.000400] Initializing cgroup subsys net_cls
[    1.010492] Initializing cgroup subsys perf_event
[    1.016771] Initializing cgroup subsys net_prio
[    1.025958] Initializing cgroup subsys hugetlb
[    1.034466] Initializing cgroup subsys pids
[    1.045419] mce: CPU supports 0 MCE banks
[    1.052791] Last level iTLB entries: 4KB 0, 2MB 0, 4MB 0
[    1.060115] Last level dTLB entries: 4KB 0, 2MB 0, 4MB 0, 1GB 0
[    1.068941] Spectre V1 : Mitigation: usercopy/swapgs barriers and __user pointer sanitization
[    1.082265] Spectre V2 : Mitigation: Enhanced IBRS
[    1.086862] Spectre V2 : Spectre v2 / SpectreRSB mitigation: Filling RSB on context switch
[    1.107585] Speculative Store Bypass: Vulnerable
[    1.516273] Freeing SMP alternatives memory: 36K
[    1.698379] ftrace: allocating 32380 entries in 127 pages
[    2.749955] smpboot: APIC(0) Converting physical 0 to logical package 0
[    2.765035] smpboot: Max logical packages: 1
[    2.787874] ..TIMER: vector=0x30 apic1=0 pin1=2 apic2=-1 pin2=-1
[    2.908601] smpboot: CPU0: 11th Gen Intel(R) Core(TM) i5-1135G7 @ 2.40GHz (family: 0x6, model: 0x8c, stepping: 0x1)
[    2.922068] Performance Events: unsupported p6 CPU model 140 no PMU driver, software events only.
[    3.087130] KVM setup paravirtual spinlock
[    3.093317] x86: Booted up 1 node, 1 CPUs
[    3.099468] smpboot: Total of 1 processors activated (4838.42 BogoMIPS)
[    3.107860] devtmpfs: initialized
[    3.115990] evm: security.selinux
[    3.120192] evm: security.SMACK64
[    3.123345] evm: security.SMACK64EXEC
[    3.127052] evm: security.SMACK64TRANSMUTE
[    3.131921] evm: security.SMACK64MMAP
[    3.135466] evm: security.ima
[    3.138521] evm: security.capability
[    3.142479] clocksource: jiffies: mask: 0xffffffff max_cycles: 0xffffffff, max_idle_ns: 7645041785100000 ns
[    3.152915] futex hash table entries: 256 (order: 2, 16384 bytes)
[    3.159039] pinctrl core: initialized pinctrl subsystem
[    3.164952] RTC time:  5:21:31, date: 02/20/24
[    3.169672] NET: Registered protocol family 16
[    3.174378] cpuidle: using governor ladder
[    3.178292] cpuidle: using governor menu
[    3.183154] PCCT header not found.
[    3.186523] ACPI: bus type PCI registered
[    3.199788] acpiphp: ACPI Hot Plug PCI Controller Driver version: 0.5
[    3.207888] PCI: Using configuration type 1 for base access
[    3.217070] ACPI: Added _OSI(Module Device)
[    3.222456] ACPI: Added _OSI(Processor Device)
[    3.227190] ACPI: Added _OSI(3.0 _SCP Extensions)
[    3.232136] ACPI: Added _OSI(Processor Aggregator Device)
[    3.238574] ACPI: Executed 1 blocks of module-level executable AML code
[    3.250934] ACPI: Interpreter enabled
[    3.254579] ACPI: (supports S0 S5)
[    3.258211] ACPI: Using IOAPIC for interrupt routing
[    3.263820] PCI: Using host bridge windows from ACPI; if necessary, use "pci=nocrs" and report a bug
[    3.281930] ACPI: PCI Root Bridge [PCI0] (domain 0000 [bus 00-ff])
[    3.287926] acpi PNP0A03:00: _OSC: OS supports [ASPM ClockPM Segments MSI]
[    3.295164] acpi PNP0A03:00: _OSC: not requesting OS control; OS requires [ExtendedConfig ASPM ClockPM MSI]
[    3.304365] acpi PNP0A03:00: fail to add MMCONFIG information, can't access extended PCI configuration space under this bridge.
[    3.317137] PCI host bridge to bus 0000:00
[    3.321224] pci_bus 0000:00: root bus resource [io  0x0000-0x0cf7 window]
[    3.327565] pci_bus 0000:00: root bus resource [io  0x0d00-0xffff window]
[    3.334897] pci_bus 0000:00: root bus resource [mem 0x000a0000-0x000bffff window]
[    3.341672] pci_bus 0000:00: root bus resource [mem 0x40000000-0xfdffffff window]
[    3.350029] pci_bus 0000:00: root bus resource [bus 00-ff]
[    3.367279] pci 0000:00:01.1: legacy IDE quirk: reg 0x10: [io  0x01f0-0x01f7]
[    3.374023] pci 0000:00:01.1: legacy IDE quirk: reg 0x14: [io  0x03f6]
[    3.383345] pci 0000:00:01.1: legacy IDE quirk: reg 0x18: [io  0x0170-0x0177]
[    3.390475] pci 0000:00:01.1: legacy IDE quirk: reg 0x1c: [io  0x0376]
[    3.431476] pci 0000:00:07.0: quirk: [io  0x4000-0x403f] claimed by PIIX4 ACPI
[    3.439212] pci 0000:00:07.0: quirk: [io  0x4100-0x410f] claimed by PIIX4 SMB
[    3.459688] ACPI: PCI Interrupt Link [LNKA] (IRQs 5 9 10 *11)
[    3.469426] ACPI: PCI Interrupt Link [LNKB] (IRQs 5 9 *10 11)
[    3.478340] ACPI: PCI Interrupt Link [LNKC] (IRQs 5 *9 10 11)
[    3.487806] ACPI: PCI Interrupt Link [LNKD] (IRQs 5 9 10 *11)
[    3.497318] ACPI: Enabled 2 GPEs in block 00 to 07
[    3.503301] vgaarb: setting as boot device: PCI:0000:00:02.0
[    3.508579] vgaarb: device added: PCI:0000:00:02.0,decodes=io+mem,owns=io+mem,locks=none
[    3.539613] vgaarb: loaded
[    3.542839] vgaarb: bridge control possible 0000:00:02.0
[    3.548799] SCSI subsystem initialized
[    3.552652] ACPI: bus type USB registered
[    3.556618] usbcore: registered new interface driver usbfs
[    3.562210] usbcore: registered new interface driver hub
[    3.567575] usbcore: registered new device driver usb
[    3.572846] PCI: Using ACPI for IRQ routing
[    3.577878] NetLabel: Initializing
[    3.582816] NetLabel:  domain hash size = 128
[    3.587034] NetLabel:  protocols = UNLABELED CIPSOv4
[    3.591861] NetLabel:  unlabeled traffic allowed by default
[    3.597340] amd_nb: Cannot enumerate AMD northbridges
[    3.602311] clocksource: Switched to clocksource kvm-clock
[    3.638862] AppArmor: AppArmor Filesystem Enabled
[    3.643864] pnp: PnP ACPI init
[    3.650551] pnp: PnP ACPI: found 3 devices
[    3.662962] clocksource: acpi_pm: mask: 0xffffff max_cycles: 0xffffff, max_idle_ns: 2085701024 ns
[    3.672530] NET: Registered protocol family 2
[    3.677176] TCP established hash table entries: 8192 (order: 4, 65536 bytes)
[    3.684237] TCP bind hash table entries: 8192 (order: 5, 131072 bytes)
[    3.693815] TCP: Hash tables configured (established 8192 bind 8192)
[    3.700175] UDP hash table entries: 512 (order: 2, 16384 bytes)
[    3.705460] UDP-Lite hash table entries: 512 (order: 2, 16384 bytes)
[    3.712163] NET: Registered protocol family 1
[    3.716760] pci 0000:00:00.0: Limiting direct PCI/PCI transfers
[    3.722719] pci 0000:00:01.0: Activating ISA DMA hang workarounds
[    3.729057] Unpacking initramfs...
[    4.240581] Freeing initrd memory: 14888K
[    4.245091] clocksource: tsc: mask: 0xffffffffffffffff max_cycles: 0x22df1a7d9cc, max_idle_ns: 440795302495 ns
[    4.256671] platform rtc_cmos: registered platform RTC device (no PNP device found)
[    4.264642] Scanning for low memory corruption every 60 seconds
[    4.271522] audit: initializing netlink subsys (disabled)
[    4.276543] audit: type=2000 audit(1708406494.923:1): initialized
[    4.283494] Initialise system trusted keyring
[    4.288630] HugeTLB registered 2 MB page size, pre-allocated 0 pages
[    4.296920] zbud: loaded
[    4.300421] VFS: Disk quotas dquot_6.6.0
[    4.304347] VFS: Dquot-cache hash table entries: 512 (order 0, 4096 bytes)
[    4.311427] squashfs: version 4.0 (2009/01/31) Phillip Lougher
[    4.318256] fuse init (API version 7.23)
[    4.322894] Key type big_key registered
[    4.326668] Allocating IMA MOK and blacklist keyrings.
[    4.333811] Key type asymmetric registered
[    4.338345] Asymmetric key parser 'x509' registered
[    4.343534] Block layer SCSI generic (bsg) driver version 0.4 loaded (major 249)
[    4.351816] io scheduler noop registered
[    4.355709] io scheduler deadline registered (default)
[    4.360992] io scheduler cfq registered
[    4.365130] pci_hotplug: PCI Hot Plug PCI Core version: 0.5
[    4.370382] pciehp: PCI Express Hot Plug Controller Driver version: 0.4
[    4.376896] ACPI: AC Adapter [AC] (on-line)
[    4.382011] input: Power Button as /devices/LNXSYSTM:00/LNXPWRBN:00/input/input0
[    4.389078] ACPI: Power Button [PWRF]
[    4.393052] input: Sleep Button as /devices/LNXSYSTM:00/LNXSLPBN:00/input/input1
[    4.400258] ACPI: Sleep Button [SLPF]
[    4.405293] ACPI: Battery Slot [BAT0] (battery present)
[    4.410443] GHES: HEST is not enabled!
[    4.415239] Serial: 8250/16550 driver, 32 ports, IRQ sharing enabled
[    4.454538] 00:02: ttyS0 at I/O 0x3f8 (irq = 4, base_baud = 115200) is a 16550A
[    4.466373] Linux agpgart interface v0.103
[    4.475356] loop: module loaded
[    4.485161] scsi host0: ata_piix
[    4.488699] scsi host1: ata_piix
[    4.491973] ata1: PATA max UDMA/33 cmd 0x1f0 ctl 0x3f6 bmdma 0xd000 irq 14
[    4.503881] ata2: PATA max UDMA/33 cmd 0x170 ctl 0x376 bmdma 0xd008 irq 15
[    4.513782] libphy: Fixed MDIO Bus: probed
[    4.521137] tun: Universal TUN/TAP device driver, 1.6
[    4.526233] tun: (C) 1999-2004 Max Krasnyansky <maxk@qualcomm.com>
[    4.535623] PPP generic driver version 2.4.2
[    4.539985] ehci_hcd: USB 2.0 'Enhanced' Host Controller (EHCI) Driver
[    4.547167] ehci-pci: EHCI PCI platform driver
[    4.553007] ehci-platform: EHCI generic platform driver
[    4.558239] ohci_hcd: USB 1.1 'Open' Host Controller (OHCI) Driver
[    4.564551] ohci-pci: OHCI PCI platform driver
[    4.569296] ohci-platform: OHCI generic platform driver
[    4.574443] uhci_hcd: USB Universal Host Controller Interface driver
[    4.581178] i8042: PNP: PS/2 Controller [PNP0303:PS2K,PNP0f03:PS2M] at 0x60,0x64 irq 1,12
[    4.593105] serio: i8042 KBD port at 0x60,0x64 irq 1
[    4.598181] serio: i8042 AUX port at 0x60,0x64 irq 12
[    4.603212] mousedev: PS/2 mouse device common for all mice
[    4.611256] input: AT Translated Set 2 keyboard as /devices/platform/i8042/serio0/input/input2
[    4.621938] rtc_cmos rtc_cmos: rtc core: registered rtc_cmos as rtc0
[    4.630464] rtc_cmos rtc_cmos: alarms up to one day, 114 bytes nvram
[    4.636334] i2c /dev entries driver
[    4.639951] device-mapper: uevent: version 1.0.3
[    4.644812] device-mapper: ioctl: 4.34.0-ioctl (2015-10-28) initialised: dm-devel@redhat.com
[    4.653410] ledtrig-cpu: registered to indicate activity on CPUs
[    4.659794] NET: Registered protocol family 10
[    4.665745] NET: Registered protocol family 17
[    4.732769] Key type dns_resolver registered
[    4.738042] registered taskstats version 1
[    4.742137] Loading compiled-in X.509 certificates
[    4.748383] Loaded X.509 cert 'Build time autogenerated kernel key: cf00e047681d67edb2720680708b7d9498083038'
[    4.758899] zswap: loaded using pool lzo/zbud
[    4.766132] Key type trusted registered
[    4.775641] Key type encrypted registered
[    4.780682] AppArmor: AppArmor sha1 policy hashing enabled
[    4.786093] ima: No TPM chip found, activating TPM-bypass!
[    4.792712] ima: Allocated hash algorithm: sha1
[    4.797336] evm: HMAC attrs: 0x1
[    4.801658]   Magic number: 12:827:365
[    4.805824] rtc_cmos rtc_cmos: setting system clock to 2024-02-20 05:21:32 UTC (1708406492)
[    4.814169] BIOS EDD facility v0.16 2004-Jun-25, 0 devices found
[    4.821209] EDD information not available.
[    4.828383] Freeing unused kernel memory: 1492K
[    4.833278] Write protecting the kernel read-only data: 14336k
[    4.839173] Freeing unused kernel memory: 1584K
[    4.843797] Freeing unused kernel memory: 52K
Loading, please wait...
starting version 229
[    4.873718] random: udevadm: uninitialized urandom read (16 bytes read, 9 bits of entropy available)
[    4.884490] random: systemd-udevd: uninitialized urandom read (16 bytes read, 9 bits of entropy available)
[    4.893867] random: systemd-udevd: uninitialized urandom read (16 bytes read, 9 bits of entropy available)
[    4.906176] random: udevadm: uninitialized urandom read (16 bytes read, 9 bits of entropy available)
[    4.916514] random: systemd-udevd: uninitialized urandom read (16 bytes read, 9 bits of entropy available)
[    4.939452] random: systemd-udevd: uninitialized urandom read (16 bytes read, 9 bits of entropy available)
[    4.953103] random: udevadm: uninitialized urandom read (16 bytes read, 9 bits of entropy available)
[    4.962602] random: systemd-udevd: uninitialized urandom read (16 bytes read, 9 bits of entropy available)
[    4.973084] random: udevadm: uninitialized urandom read (16 bytes read, 9 bits of entropy available)
[    4.982388] random: udevadm: uninitialized urandom read (16 bytes read, 9 bits of entropy available)
[    5.114222] Fusion MPT base driver 3.04.20
[    5.120887] Copyright (c) 1999-2008 LSI Corporation
[    5.141199] e1000: Intel(R) PRO/1000 Network Driver - version 7.3.21-k8-NAPI
[    5.150151] e1000: Copyright (c) 1999-2006 Intel Corporation.
[    5.223041] SSE version of gcm_enc/dec engaged.
[    5.252819] Fusion MPT SPI Host driver 3.04.20
[    5.473786] input: ImExPS/2 Generic Explorer Mouse as /devices/platform/i8042/serio1/input/input4
[    6.145367] e1000 0000:00:03.0 eth0: (PCI:33MHz:32-bit) 02:be:82:6b:cc:1d
[    6.153169] e1000 0000:00:03.0 eth0: Intel(R) PRO/1000 Network Connection
[    6.160964] mptbase: ioc0: Initiating bringup
[    6.236620] ioc0: LSI53C1030 A0: Capabilities={Initiator}
[    6.422134] scsi host2: ioc0: LSI53C1030 A0, FwRev=00000000h, Ports=1, MaxQ=256, IRQ=20
[    6.550705] scsi 2:0:0:0: Direct-Access     VBOX     HARDDISK         1.0  PQ: 0 ANSI: 5
[    6.558645] scsi target2:0:0: Beginning Domain Validation
[    6.572339] scsi target2:0:0: Domain Validation skipping write tests
[    6.581607] scsi target2:0:0: Ending Domain Validation
[    6.606159] scsi target2:0:0: asynchronous
[    6.640778] scsi 2:0:1:0: Direct-Access     VBOX     HARDDISK         1.0  PQ: 0 ANSI: 5
[    6.667281] scsi target2:0:1: Beginning Domain Validation
[    6.733560] scsi target2:0:1: Domain Validation skipping write tests
[    6.739467] scsi target2:0:1: Ending Domain Validation
[    6.754573] scsi target2:0:1: asynchronous
[    6.927703] sd 2:0:0:0: Attached scsi generic sg0 type 0
[    6.933900] sd 2:0:0:0: [sda] 83886080 512-byte logical blocks: (42.9 GB/40.0 GiB)
[    6.942571] sd 2:0:1:0: [sdb] 20480 512-byte logical blocks: (10.5 MB/10.0 MiB)
[    6.950756] sd 2:0:1:0: Attached scsi generic sg1 type 0
[    6.956841] sd 2:0:0:0: [sda] Write Protect is off
[    6.974782] sd 2:0:1:0: [sdb] Write Protect is off
[    7.002878] sd 2:0:0:0: [sda] Incomplete mode parameter data
[    7.010840] sd 2:0:0:0: [sda] Assuming drive cache: write through
[    7.058306] sd 2:0:1:0: [sdb] Incomplete mode parameter data
[    7.065138] sd 2:0:1:0: [sdb] Assuming drive cache: write through
[    7.083228]  sda: sda1
[    7.104519] sd 2:0:0:0: [sda] Attached SCSI disk
[    7.152708] sd 2:0:1:0: [sdb] Attached SCSI disk
[    7.619502] e1000 0000:00:08.0 eth1: (PCI:33MHz:32-bit) 08:00:27:62:52:ec
[    7.625984] e1000 0000:00:08.0 eth1: Intel(R) PRO/1000 Network Connection
[    7.638277] e1000 0000:00:08.0 enp0s8: renamed from eth1
[    7.645159] e1000 0000:00:03.0 enp0s3: renamed from eth0
Begin: Loading essential drivers ... [    9.428088] md: linear personality registered for level -1
[    9.437858] md: multipath personality registered for level -4
[    9.447190] md: raid0 personality registered for level 0
[    9.463124] md: raid1 personality registered for level 1
[    9.538420] raid6: sse2x1   gen()  5950 MB/s
[    9.618957] raid6: sse2x1   xor()  4922 MB/s
[    9.690735] raid6: sse2x2   gen()  8397 MB/s
[    9.767091] raid6: sse2x2   xor()  5952 MB/s
[    9.850750] raid6: sse2x4   gen()  9446 MB/s
[    9.923139] raid6: sse2x4   xor()  4624 MB/s
[    9.927235] raid6: using algorithm sse2x4 gen() 9446 MB/s
[    9.932420] raid6: .... xor() 4624 MB/s, rmw enabled
[    9.940048] raid6: using ssse3x2 recovery algorithm
[    9.947476] xor: measuring software checksum speed
[   10.049084]    prefetch64-sse: 33398.000 MB/sec
[   10.173440]    generic_sse: 69683.000 MB/sec
[   10.177684] xor: using function: generic_sse (69683.000 MB/sec)
[   10.188576] async_tx: api initialized (async)
[   10.247041] md: raid6 personality registered for level 6
[   10.252450] md: raid5 personality registered for level 5
[   10.257480] md: raid4 personality registered for level 4
[   10.281425] md: raid10 personality registered for level 10
done.
Begin: Running /scripts/init-premount ... done.
Begin: Mounting root file system ... Begin: Running /scripts/local-top ... done.
Begin: Running /scripts/local-premount ... [   10.411272] Btrfs loaded
Scanning for Btrfs filesystems
done.
Warning: fsck not present, so skipping root file system
[   10.479682] EXT4-fs (sda1): mounted filesystem with ordered data mode. Opts: (null)
done.
Begin: Running /scripts/local-bottom ... done.
Begin: Running /scripts/init-bottom ... done.
[   10.683174] systemd[1]: systemd 229 running in system mode. (+PAM +AUDIT +SELINUX +IMA +APPARMOR +SMACK +SYSVINIT +UTMP +LIBCRYPTSETUP +GCRYPT +GNUTLS +ACL +XZ -LZ4 +SECCOMP +BLKID +ELFUTILS +KMOD -IDN)
[   10.701878] systemd[1]: Detected virtualization oracle.
[   10.707001] systemd[1]: Detected architecture x86-64.

Welcome to [1mUbuntu 16.04.7 LTS[0m!

[   10.728261] systemd[1]: Set hostname to <ubuntu>.
[   10.741930] systemd[1]: Initializing machine ID from random generator.
[   10.749029] systemd[1]: Installed transient /etc/machine-id file.
[   10.892622] random: nonblocking pool is initialized
[   11.013799] systemd[1]: Listening on Journal Audit Socket.
[[0;32m  OK  [0m] Listening on Journal Audit Socket.
[   11.024920] systemd[1]: Listening on LVM2 poll daemon socket.
[[0;32m  OK  [0m] Listening on LVM2 poll daemon socket.
[   11.037843] systemd[1]: Listening on Journal Socket (/dev/log).
[[0;32m  OK  [0m] Listening on Journal Socket (/dev/log).
[   11.050373] systemd[1]: Created slice System Slice.
[[0;32m  OK  [0m] Created slice System Slice.
[   11.060904] systemd[1]: Listening on Journal Socket.
[[0;32m  OK  [0m] Listening on Journal Socket.
[   11.073601] systemd[1]: Mounting Huge Pages File System...
         Mounting Huge Pages File System...
[   11.087952] systemd[1]: Starting Uncomplicated firewall...
         Starting Uncomplicated firewall...
[   11.106454] systemd[1]: Starting Nameserver information manager...
         Starting Nameserver information manager...
[   11.120732] systemd[1]: Starting Set console keymap...
         Starting Set console keymap...
[   11.145910] systemd[1]: Mounting POSIX Message Queue File System...
         Mounting POSIX Message Queue File System...
[   11.184652] systemd[1]: Listening on /dev/initctl Compatibility Named Pipe.
[[0;32m  OK  [0m] Listening on /dev/initctl Compatibility Named Pipe.
[   11.205880] systemd[1]: Reached target Swap.
[[0;32m  OK  [0m] Reached target Swap.
[   11.227976] systemd[1]: Starting Create list of required static device nodes for the current kernel...
         Starting Create list of required st... nodes for the current kernel...
[   11.252836] systemd[1]: Mounting Debug File System...
         Mounting Debug File System...
[   11.267198] systemd[1]: Started Trigger resolvconf update for networkd DNS.
[[0;32m  OK  [0m] Started Trigger resolvconf update for networkd DNS.
[   11.281978] systemd[1]: Listening on LVM2 metadata daemon socket.
[[0;32m  OK  [0m] Listening on LVM2 metadata daemon socket.
[   11.294974] systemd[1]: Started Forward Password Requests to Wall Directory Watch.
[[0;32m  OK  [0m] Started Forward Password Requests to Wall Directory Watch.
[   11.309293] systemd[1]: Listening on udev Control Socket.
[[0;32m  OK  [0m] Listening on udev Control Socket.
[   11.321046] systemd[1]: Set up automount Arbitrary Executable File Formats File System Automount Point.
[[0;32m  OK  [0m] Set up automount Arbitrary Executab...ats File System Automount Point.
[   11.338049] systemd[1]: Created slice system-serial\x2dgetty.slice.
[[0;32m  OK  [0m] Created slice system-serial\x2dgetty.slice.
[   11.350557] systemd[1]: Listening on fsck to fsckd communication Socket.
[[0;32m  OK  [0m] Listening on fsck to fsckd communication Socket.
[   11.364146] systemd[1]: Starting File System Check on Root Device...
         Starting File System Check on Root Device...
[   11.385093] systemd[1]: Listening on udev Kernel Socket.
[[0;32m  OK  [0m] Listening on udev Kernel Socket.
[   11.403974] systemd[1]: Created slice User and Session Slice.
[[0;32m  OK  [0m] Created slice User and Session Slice.
[   11.416497] systemd[1]: Reached target Slices.
[[0;32m  OK  [0m] Reached target Slices.
[   11.426767] systemd[1]: Listening on Syslog Socket.
[[0;32m  OK  [0m] Listening on Syslog Socket.
[   11.437145] systemd[1]: Reached target System Time Synchronized.
[[0;32m  OK  [0m] Reached target System Time Synchronized.
[   11.449845] systemd[1]: Starting Journal Service...
         Starting Journal Service...
[   11.468419] systemd[1]: Listening on Device-mapper event daemon FIFOs.
[[0;32m  OK  [0m] Listening on Device-mapper event daemon FIFOs.
[   11.494428] systemd[1]: Reached target Encrypted Volumes.
[[0;32m  OK  [0m] Reached target Encrypted Volumes.
[   11.505340] systemd[1]: Reached target User and Group Name Lookups.
[[0;32m  OK  [0m] Reached target User and Group Name Lookups.
[   11.522709] systemd[1]: Starting Load Kernel Modules...
         Starting Load Kernel Modules...
[   11.555519] systemd[1]: Starting Monitoring of LVM2 mirrors, snapshots etc. using dmeventd or progress polling...
         Starting Monitoring of LVM2 mirrors... dmeventd or progress polling...[   11.584244] Loading iSCSI transport class v2.0-870.

[   11.593092] systemd[1]: Mounted Huge Pages File System.
[[0;32m  OK  [0m] Mounted Huge Pages File System.
[   11.619624] systemd[1]: Mounted POSIX Message Queue File System.
[[0;32m  OK  [0m] Mounted POSIX Message Queue File System.
[   11.646522] systemd[1]: Mounted Debug File System.
[   11.655084] iscsi: registered transport (tcp)
[[0;32m  OK  [0m] Mounted Debug File System.
[   11.666008] systemd[1]: Started Journal Service.
[[0;32m  OK  [0m] Started Journal Service.
[[0;32m  OK  [0m] Started Uncomplicated firewall.
[[0;32m  OK  [0m] Started Set console keymap.
[[0;32m  OK  [0m] Started Create list of required sta...ce nodes for the current kernel.
[[0;32m  OK  [0m] Started File System Check on Root Device.
[[0;32m  OK  [0m] Started Nameserver information manager.
[[0;32m  OK  [0m] Started LVM2 metadata daemon.[   11.805421] iscsi: registered transport (iser)

[[0;32m  OK  [0m] Started File System Check Daemon to report status.
         Starting Remount Root and Kernel File Systems...
         Starting Create Static Device Nodes in /dev...[   11.854018] EXT4-fs (sda1): re-mounted. Opts: (null)

[[0;32m  OK  [0m] Started Load Kernel Modules.
[[0;32m  OK  [0m] Started Remount Root and Kernel File Systems.
         Starting Load/Save Random Seed...
         Starting udev Coldplug all Devices...
         Starting Flush Journal to Persistent Storage...
         Mounting FUSE Control File System...
         Starting Apply Kernel Variables...
[[0;32m  OK  [0m] Mounted FUSE Control File System.
[[0;32m  OK  [0m] Started Create Static Device Nodes in /dev.
[[0;32m  OK  [0m] Started Load/Save Random Seed.
[[0;32m  OK  [0m] Started Apply Kernel Variables.
[[0;32m  OK  [0m] Started Flush Journal to Persistent Storage.
         Starting udev Kernel Device Manager...
[[0;32m  OK  [0m] Started udev Coldplug all Devices.
[[0;32m  OK  [0m] Started udev Kernel Device Manager.
[[0;32m  OK  [0m] Started Dispatch Password Requests to Console Directory Watch.
[[0;32m  OK  [0m] Started Monitoring of LVM2 mirrors,...ng dmeventd or progress polling.
[[0;32m  OK  [0m] Reached target Local File Systems (Pre).
[[0;32m  OK  [0m] Reached target Local File Systems.
         Starting Initial cloud-init job (pre-networking)...
         Starting LSB: AppArmor initialization...
         Starting Commit a transient machine-id on disk...
         Starting Create Volatile Files and Directories...
         Starting Tell Plymouth To Write Out Runtime Data...
         Starting Set console font and keymap...
[[0;32m  OK  [0m] Started Commit a transient machine-id on disk.
[[0;32m  OK  [0m] Started Create Volatile Files and Directories.
[[0;32m  OK  [0m] Started Tell Plymouth To Write Out Runtime Data.
         Starting Update UTMP about System Boot/Shutdown...
[[0;32m  OK  [0m] Started Update UTMP about System Boot/Shutdown.
[[0;32m  OK  [0m] Found device /dev/ttyS0.
[[0;32m  OK  [0m] Listening on Load/Save RF Kill Switch Status /dev/rfkill Watch.
[   14.412858] cloud-init[501]: Cloud-init v. 21.1-19-gbad84ad4-0ubuntu1~16.04.2 running 'init-local' at Tue, 20 Feb 2024 05:21:43 +0000. Up 13.31 seconds.
[[0;32m  OK  [0m] Started Initial cloud-init job (pre-networking).
[[0;32m  OK  [0m] Started LSB: AppArmor initialization.
         Starting Load AppArmor profiles managed internally by snapd...
[[0;32m  OK  [0m] Reached target Network (Pre).
         Starting Raise network interfaces...
[[0;32m  OK  [0m] Started Load AppArmor profiles managed internally by snapd.
[[0;32m  OK  [0m] Started Set console font and keymap.
[[0;32m  OK  [0m] Created slice system-getty.slice.
[[0;32m  OK  [0m] Started Raise network interfaces.
[[0;32m  OK  [0m] Reached target Network.
         Starting Initial cloud-init job (metadata service crawler)...
[   17.502023] cloud-init[974]: Cloud-init v. 21.1-19-gbad84ad4-0ubuntu1~16.04.2 running 'init' at Tue, 20 Feb 2024 05:21:46 +0000. Up 16.67 seconds.
[   17.529237] cloud-init[974]: ci-info: ++++++++++++++++++++++++++++++++++++++Net device info+++++++++++++++++++++++++++++++++++++++
[   17.547390] cloud-init[974]: ci-info: +--------+-------+----------------------------+---------------+--------+-------------------+
[   17.570112] cloud-init[974]: ci-info: | Device |   Up  |          Address           |      Mask     | Scope  |     Hw-Address    |
[   17.589958] cloud-init[974]: ci-info: +--------+-------+----------------------------+---------------+--------+-------------------+
[   17.602415] [[0;32m  OK  [0m] Started Initial cloud-init job (metadata service crawler).cloud-init[974]: ci-info: | enp0s3 |  True |         10.0.2.15          | 255.255.255.0 | global | 02:be:82:6b:cc:1d |
[[0;32m  OK  [0m] 
[   17.621998] cloud-init[974]: Reached target Cloud-config availability.
[ci-info: | enp0s3 |  True | fe80::be:82ff:fe6b:cc1d/64 |       .       |  link  | 02:be:82:6b:cc:1d |
[0;32m  OK  [0m] Reached target System Initialization.
[   17.636909] cloud-init[974]: ci-info: | enp0s8 | False |             .              |       .       |   .    | 08:00:27:62:52:ec |[[0;32m  OK  [0m] Listening on D-Bus System Message Bus Socket.

[   17.652768] cloud-init[974]: ci-info: |   lo   |  True |         127.0.0.1          |   255.0.0.0   |  host  |         .         |         Starting LXD - unix socket.
[[0;32m  OK  [0m
[   17.665662] cloud-init[974]: ] Started Message of the Day.ci-info: |   lo   |  True |          ::1/128           |       .       |  host  |         .         |

[[0;32m  OK  [0m] [   17.680590] cloud-init[974]: ci-info: +--------+-------+----------------------------+---------------+--------+-------------------+Listening on UUID daemon activation socket.
[[0;32m  OK  [0m] Started Daily apt download activities.
[[0;32m  OK  [0m] Started Daily apt upgrade and clean activities.
[   17.709231] cloud-init[974]: ci-info: +++++++++++++++++++++++++++Route IPv4 info++++++++++++++++++++++++++++
[
[   17.717461] cloud-init[974]: [0;32m  OK  [0m] Started Daily Cleanup of Temporary Directories.ci-info: +-------+-------------+----------+---------------+-----------+-------+
[[0;32m  OK  [0m] 
[   17.733581] cloud-init[974]: Listening on ACPID Listen Socket.
ci-info: | Route | Destination | Gateway  |    Genmask    | Interface | Flags |
[[0;32m  OK  [0m] Started ACPI Events Check.
[   17.746433] cloud-init[974]: ci-info: +-------+-------------+----------+---------------+-----------+-------+[[0;32m  OK  [0m] Reached target Paths.

[   17.765922] cloud-init[974]:          Starting Socket activation for snappy daemon.
ci-info: |   0   |   0.0.0.0   | 10.0.2.2 |    0.0.0.0    |   enp0s3  |   UG  |
[[0;32m  OK  [0m] Started Ubuntu Advantage update messaging.[   17.782261] cloud-init[974]: ci-info: |   1   |   10.0.2.0  | 0.0.0.0  | 255.255.255.0 |   enp0s3  |   U   |

[[0;32m  OK  [0m] [   17.792431] cloud-init[974]: ci-info: +-------+-------------+----------+---------------+-----------+-------+Reached target Timers.
[[0;32m  OK  [0m] Reached target Network is Online.
         
[   17.810344] cloud-init[974]: ci-info: +++++++++++++++++++Route IPv6 info+++++++++++++++++++Starting iSCSI initiator daemon (iscsid)...
[[0;32m  OK  [0m] Listening on LXD - unix socket.

[   17.830041] [[0;32m  OK  [0m] Listening on Socket activation for snappy daemon.
[cloud-init[0;32m  OK  [0m[974]: ] Reached target Sockets.
[ci-info: +-------+-------------+---------+-----------+-------+[0;32m  OK  [0m] Reached target Basic System.

[[0;32m  OK  [0m[   17.869486] ] Started D-Bus System Message Bus.
cloud-init[974]: ci-info: | Route | Destination | Gateway | Interface | Flags |
[   17.891374] cloud-init[974]: ci-info: +-------+-------------+---------+-----------+-------+
[   17.907517] cloud-init[974]: ci-info: |   0   |  fe80::/64  |    ::   |   enp0s3  |   U   |
[   17.921233] cloud-init[974]: ci-info: |   3   |   ff00::/8  |    ::   |   enp0s3  |   U   |
[[0;32m  OK  [0m] Started FUSE filesystem for LXC.
[   17.934411] cloud-init[974]: ci-info: +-------+-------------+---------+-----------+-------+[[0;32m  OK  [0m] 
Started ACPI event daemon.
         [   17.974904] Starting Pollinate to seed the pseudo random number generator...
         Starting /etc/rc.local Compatibility...cloud-init
         Starting System Logging Service...[974]: 
[[0;32m  OK  [0mGenerating public/private rsa key pair.] Started Deferred execution scheduler.
         
Starting LXD - container startup/shutdown...
[[0;32m  OK  [0m] Started Regular background program processing daemon.[   18.046701] cloud-init
         Starting LSB: MD monitoring daemon...[974]: 
         Starting LSB: Record successful boot for GRUB...
         Starting Snap Daemon...
         Starting Virtualbox guest utils...
         Starting Login Service...
         Starting Accounts Service...
[[0;32m  OK  [0m] Started System Logging Service.
[[0;32m  OK  [0m] Started /etc/rc.local Compatibility.Your identification has been saved in /etc/ssh/ssh_host_rsa_key.
[[0;32m  OK  [0m] Started iSCSI initiator daemon (iscsid).
         Starting Login to default iSCSI targets...
[[0;32m  OK  [0m] Started Login Service.
[[0;32m  OK  [0m] Started Unattended Upgrades Shutdown.

[[0;32m  OK  [0m] Started Login to default iSCSI targets.
[[0;32m  OK  [0m] Reached target Remote File Systems (Pre).
[[0;32m  OK  [0m] Reached target Remote File Systems.
[   18.344287] cloud-init         Starting Permit User Sessions...
         Starting LSB: Set the CPU Frequency Scaling governor to "ondemand"...
         Starting LSB: daemon to balance interrupts for SMP systems...
         Starting LSB: automatic crash report generation...
[[0;32m  OK  [0m] Started Permit User Sessions.
         Starting Hold until boot process finishes up...
         Starting Terminate Plymouth Boot Screen...
[[0;32m  OK  [0m] Started Hold until boot process finishes up.
[[0;32m  OK  [0m] Started Getty on tty1.
         Starting Set console scheme...
[[0;32m  OK  [0m] Started Serial Getty on ttyS0.
[[0;32m  OK  [0m] [974]: Your public key has been saved in /etc/ssh/ssh_host_rsa_key.pub.Reached target Login Prompts.
[[0;32m  OK  [0m] Started Terminate Plymouth Boot Screen.
[[0;32m  OK  [0m] Started Set console scheme.

[[0;32m  OK  [0m] Started LSB: Record successful boot for GRUB.
[[0;32m  OK  [0m] Started LSB: MD monitoring daemon.
[[0;32m  OK  [0m] Started LSB: Set the CPU Frequency Scaling governor to "ondemand".[   18.644278] cloud-init[974]: The key fingerprint is:
         Starting Authenticate and Authorize Users to Run Privileged Tasks...

[[0;32m  OK  [0m[   18.733786] ] Started LSB: daemon to balance interrupts for SMP systems.
cloud-init[974]: SHA256:TjYzpWRDqHTv3Ib6rVsEBEr2uoVakzgseRwWg+RGOtA root@ubuntu-xenial[[0;32m  OK  [0m] Started Authenticate and Authorize Users to Run Privileged Tasks.
[[0;32m  OK  [0m] Started Accounts Service.

[[0;32m  OK  [0m] Started LSB: automatic crash report generation.
[   18.830019] cloud-init[974]: The key's randomart image is:
[   18.904742] cloud-init[974]: +---[RSA 2048]----+[[0;32m  OK  [0m] Started LXD - container startup/shutdown.

[   18.970241] cloud-init[974]: |o=o o .oo        |
[   19.024495] cloud-init[974]: |* E=.ooo         |
[   19.076346] cloud-init[974]: |ooo..o..= .      |
[   19.121230] cloud-init[[0;32m  OK  [0m] Started Virtualbox guest utils.
[974]: |.* o.+ o.=       |
[   19.163044] cloud-init[974]: |o * * .oSo.      |
[   19.205358] cloud-init[974]: | o + + ++=o      |
[   19.253954] cloud-init[974]: |  . .  ....      |
[   19.306475] cloud-init[974]: |      .  o       |
[[0;32m  OK  [0m[   19.338314] cloud-init[974]: |       .+o.      |] Started Pollinate to seed the pseudo random number generator.
         Starting OpenBSD Secure Shell server...

[   19.396758] cloud-init[974]: +----[SHA256]-----+
[   19.441084] cloud-init[974]: Generating public/private dsa key pair.
[[0;32m  OK  [0m] Started OpenBSD Secure Shell server.
[   19.483877] cloud-init[974]: Your identification has been saved in /etc/ssh/ssh_host_dsa_key.
[   19.508223] cloud-init[974]: Your public key has been saved in /etc/ssh/ssh_host_dsa_key.pub.
[   19.547177] cloud-init[974]: The key fingerprint is:
[   19.577574] cloud-init[974]: SHA256:/JlB5xQO7yVHoIyvNSf/mMRtEXOs4emyUmIEcCB/uTM root@ubuntu-xenial
[   19.612192] cloud-init[974]: The key's randomart image is:
[   19.629412] cloud-init[974]: +---[DSA 1024]----+
[   19.651999] cloud-init[974]: |    . oo. . o..  |
[   19.667583] cloud-init[974]: |     o ..+ = o . |
[   19.682709] cloud-init[974]: |      . +.+ * * o|
[   19.697512] cloud-init[974]: |       o +.= = B |
[   19.712867] cloud-init[[0;32m  OK  [0m] Started Snap Daemon.
[974]: |        E.* + =  |
         [   19.769293] cloud-init[974]: Starting Wait until snapd is fully seeded...
|         *oX.o . |
[   19.806971] cloud-init[974]: |        ..+o= +  |
[   19.835699] cloud-init[974]: |          .. B   |
[   19.855888] cloud-init[974]: |           .+ .  |
[   19.898438] cloud-init[974]: +----[SHA256]-----+
[   19.915424] cloud-init[974]: Generating public/private ecdsa key pair.
[   19.944474] cloud-init[974]: Your identification has been saved in /etc/ssh/ssh_host_ecdsa_key.
[   19.981380] cloud-init[974]: Your public key has been saved in /etc/ssh/ssh_host_ecdsa_key.pub.
[   20.002787] cloud-init[974]: The key fingerprint is:
[   20.018164] cloud-init[974]: SHA256:bmbKWUbzZSn15OHlx6sAXSyba/XGULIt+HdrYXp67CQ root@ubuntu-xenial
[   20.043939] cloud-init[974]: The key's randomart image is:
[   20.063625] cloud-init[974]: +---[ECDSA 256]---+
[   20.079950] cloud-init[974]: |                 |
[   20.096391] cloud-init[974]: |            .    |
[   20.112373] cloud-init[974]: |           ..+o..|
[   20.133828] cloud-init[974]: |          ..**== |
[   20.150024] cloud-init[974]: |        S..=+=+.+|
[   20.170154] cloud-init[974]: |       o o.++ =oo|
[   20.188275] cloud-init[974]: |        B .+ E+Bo|
[   20.206669] cloud-init[974]: |     . O  . ..*=o|
[   20.223703] cloud-init[974]: |      +      o*o |
[   20.239390] cloud-init[974]: +----[SHA256]-----+
[   20.257975] cloud-init[974]: Generating public/private ed25519 key pair.
[   20.276460] cloud-init[974]: Your identification has been saved in /etc/ssh/ssh_host_ed25519_key.
[   20.297288] cloud-init[974]: Your public key has been saved in /etc/ssh/ssh_host_ed25519_key.pub.
[   20.315587] cloud-init[974]: The key fingerprint is:
[   20.330627] cloud-init[974]: SHA256:ehc5VmSygSnJ3GvGlRdPGKn3A6Re3AzEk4b3R3WB6RM root@ubuntu-xenial
[   20.347251] cloud-init[974]: The key's randomart image is:
[   20.365987] cloud-init[974]: +--[ED25519 256]--+
[   20.383147] cloud-init[974]: |     o o oo=**+.=|
[   20.401019] cloud-init[974]: |      = + +*%E  o|
[   20.426969] cloud-init[974]: |       o o.Oo*o. |
[   20.444181] cloud-init[974]: |        = oo=o+ .|
[   20.455480] cloud-init[974]: |       oS.=o o.. |
[   20.476572] cloud-init[974]: |       . ..o  o  |
[   20.486014] cloud-init[974]: |      . . .    . |
[   20.493303] cloud-init[974]: |       . .       |
[   20.504833] cloud-init[974]: |                 |
[   20.518264] cloud-init[974]: +----[SHA256]-----+
[[0;32m  OK  [0m] Started Wait until snapd is fully seeded.
         Starting Apply the settings specified in cloud-config...
[[0;32m  OK  [0m] Reached target Multi-User System.
[[0;32m  OK  [0m] Reached target Graphical Interface.
         Starting Update UTMP about System Runlevel Changes...
[[0;32m  OK  [0m] Started Update UTMP about System Runlevel Changes.
[   22.206764] cloud-init[1329]: Generating locales (this might take a while)...
[   23.873673] cloud-init[1329]:   en_US.UTF-8... done
[   23.882149] cloud-init[1329]: Generation complete.
[   24.405162] cloud-init[1329]: Cloud-init v. 21.1-19-gbad84ad4-0ubuntu1~16.04.2 running 'modules:config' at Tue, 20 Feb 2024 05:21:51 +0000. Up 22.03 seconds.

Ubuntu 16.04.7 LTS ubuntu-xenial ttyS0

ubuntu-xenial login: ci-info: no authorized SSH keys fingerprints found for user ubuntu.
<14>Feb 20 05:21:55 ec2: 
<14>Feb 20 05:21:55 ec2: #############################################################
<14>Feb 20 05:21:55 ec2: -----BEGIN SSH HOST KEY FINGERPRINTS-----
<14>Feb 20 05:21:55 ec2: 1024 SHA256:/JlB5xQO7yVHoIyvNSf/mMRtEXOs4emyUmIEcCB/uTM root@ubuntu-xenial (DSA)
<14>Feb 20 05:21:55 ec2: 256 SHA256:bmbKWUbzZSn15OHlx6sAXSyba/XGULIt+HdrYXp67CQ root@ubuntu-xenial (ECDSA)
<14>Feb 20 05:21:55 ec2: 256 SHA256:ehc5VmSygSnJ3GvGlRdPGKn3A6Re3AzEk4b3R3WB6RM root@ubuntu-xenial (ED25519)
<14>Feb 20 05:21:55 ec2: 2048 SHA256:TjYzpWRDqHTv3Ib6rVsEBEr2uoVakzgseRwWg+RGOtA root@ubuntu-xenial (RSA)
<14>Feb 20 05:21:55 ec2: -----END SSH HOST KEY FINGERPRINTS-----
<14>Feb 20 05:21:55 ec2: #############################################################
-----BEGIN SSH HOST KEY KEYS-----
ecdsa-sha2-nistp256 AAAAE2VjZHNhLXNoYTItbmlzdHAyNTYAAAAIbmlzdHAyNTYAAABBBFdLEt5Aji4LmSZ/3p9zOgXuWBa54Lf39kMt/9sKbDdb5VYDMVQ/0yopdPM8p/NSCHiE2sHFqEhL5Cise400dmk= root@ubuntu-xenial
ssh-ed25519 AAAAC3NzaC1lZDI1NTE5AAAAII72tyEMhVYJjRLljxkTPtMAp5ylaXuFRs/W4+y7h8hF root@ubuntu-xenial
ssh-rsa AAAAB3NzaC1yc2EAAAADAQABAAABAQC/U9//FpOn6gr1UpwNASm/Suxd5rR/kCdcIwkDp7EAu0LM4B9+0u6AJcJu0wdBnpvWkdX3h/HCL9qhMXLe/R0oXyhCk8rbP5/YSn6atiA0j++ABjICfjHXE+g06eL3kwABi6Jb0OXfUP8sl5kjy1sRS8ObRGhh6cpWcZAllilBxVJj85PIKuGhRJEO8mjyVSfgKVvAuTPKAN1FUh4PpbUyEWHQyINJo0fwWZpJU0MJOYuzSnYd3WH6l0Clqc9eQnojke3zOEDATkyW118iFqK4tuaUSqit4JeCmmwh3t/0+o9KsCE0Ko1z1yYVbT9SOHscRsox6Ja6H8tP45rzdtEL root@ubuntu-xenial
-----END SSH HOST KEY KEYS-----
[   26.275633] cloud-init[1378]: Cloud-init v. 21.1-19-gbad84ad4-0ubuntu1~16.04.2 running 'modules:final' at Tue, 20 Feb 2024 05:21:55 +0000. Up 25.48 seconds.
[   26.330729] cloud-init[1378]: ci-info: no authorized SSH keys fingerprints found for user ubuntu.
[   26.375067] cloud-init[1378]: Cloud-init v. 21.1-19-gbad84ad4-0ubuntu1~16.04.2 finished at Tue, 20 Feb 2024 05:21:56 +0000. Datasource DataSourceNoCloud [seed=/dev/sdb][dsmode=net].  Up 26.22 seconds
