[    0.000000] Initializing cgroup subsys cpuset
[    0.000000] Initializing cgroup subsys cpu
[    0.000000] Initializing cgroup subsys cpuacct
[    0.000000] Linux version 4.4.0-210-generic (buildd@lgw01-amd64-009) (gcc version 5.4.0 20160609 (Ubuntu 5.4.0-6ubuntu1~16.04.12) ) #242-Ubuntu SMP Fri Apr 16 09:57:56 UTC 2021 (Ubuntu 4.4.0-210.242-generic 4.4.262)
[    0.000000] Command line: BOOT_IMAGE=/boot/vmlinuz-4.4.0-210-generic root=LABEL=cloudimg-rootfs ro console=tty1 console=ttyS0
[    0.000000] KERNEL supported cpus:
[    0.000000]   Intel GenuineIntel
[    0.000000]   AMD AuthenticAMD
[    0.000000]   Centaur CentaurHauls
[    0.000000] x86/fpu: Legacy x87 FPU detected.
[    0.000000] e820: BIOS-provided physical RAM map:
[    0.000000] BIOS-e820: [mem 0x0000000000000000-0x000000000009fbff] usable
[    0.000000] BIOS-e820: [mem 0x000000000009fc00-0x000000000009ffff] reserved
[    0.000000] BIOS-e820: [mem 0x00000000000f0000-0x00000000000fffff] reserved
[    0.000000] BIOS-e820: [mem 0x0000000000100000-0x000000003ffeffff] usable
[    0.000000] BIOS-e820: [mem 0x000000003fff0000-0x000000003fffffff] ACPI data
[    0.000000] BIOS-e820: [mem 0x00000000fec00000-0x00000000fec00fff] reserved
[    0.000000] BIOS-e820: [mem 0x00000000fee00000-0x00000000fee00fff] reserved
[    0.000000] BIOS-e820: [mem 0x00000000fffc0000-0x00000000ffffffff] reserved
[    0.000000] NX (Execute Disable) protection: active
[    0.000000] SMBIOS 2.5 present.
[    0.000000] Hypervisor detected: KVM
[    0.000000] Kernel/User page tables isolation: disabled
[    0.000000] e820: last_pfn = 0x3fff0 max_arch_pfn = 0x400000000
[    0.000000] MTRR: Disabled
[    0.000000] x86/PAT: MTRRs disabled, skipping PAT initialization too.
[    0.000000] CPU MTRRs all blank - virtualized system.
[    0.000000] x86/PAT: Configuration [0-7]: WB  WT  UC- UC  WB  WT  UC- UC  
[    0.000000] found SMP MP-table at [mem 0x0009fff0-0x0009ffff] mapped at [ffff88000009fff0]
[    0.000000] Scanning 1 areas for low memory corruption
[    0.000000] RAMDISK: [mem 0x362dc000-0x37165fff]
[    0.000000] ACPI: Early table checksum verification disabled
[    0.000000] ACPI: RSDP 0x00000000000E0000 000024 (v02 VBOX  )
[    0.000000] ACPI: XSDT 0x000000003FFF0030 00003C (v01 VBOX   VBOXXSDT 00000001 ASL  00000061)
[    0.000000] ACPI: FACP 0x000000003FFF00F0 0000F4 (v04 VBOX   VBOXFACP 00000001 ASL  00000061)
[    0.000000] ACPI: DSDT 0x000000003FFF0610 002353 (v02 VBOX   VBOXBIOS 00000002 INTL 20100528)
[    0.000000] ACPI: FACS 0x000000003FFF0200 000040
[    0.000000] ACPI: FACS 0x000000003FFF0200 000040
[    0.000000] ACPI: APIC 0x000000003FFF0240 000054 (v02 VBOX   VBOXAPIC 00000001 ASL  00000061)
[    0.000000] ACPI: SSDT 0x000000003FFF02A0 00036C (v01 VBOX   VBOXCPUT 00000002 INTL 20100528)
[    0.000000] No NUMA configuration found
[    0.000000] Faking a node at [mem 0x0000000000000000-0x000000003ffeffff]
[    0.000000] NODE_DATA(0) allocated [mem 0x3ffeb000-0x3ffeffff]
[    0.000000] kvm-clock: Using msrs 4b564d01 and 4b564d00
[    0.000000] kvm-clock: cpu 0, msr 0:3ffe3001, primary cpu clock
[    0.000000] kvm-clock: using sched offset of 3831922795 cycles
[    0.000000] clocksource: kvm-clock: mask: 0xffffffffffffffff max_cycles: 0x1cd42e4dffb, max_idle_ns: 881590591483 ns
[    0.000000] Zone ranges:
[    0.000000]   DMA      [mem 0x0000000000001000-0x0000000000ffffff]
[    0.000000]   DMA32    [mem 0x0000000001000000-0x000000003ffeffff]
[    0.000000]   Normal   empty
[    0.000000]   Device   empty
[    0.000000] Movable zone start for each node
[    0.000000] Early memory node ranges
[    0.000000]   node   0: [mem 0x0000000000001000-0x000000000009efff]
[    0.000000]   node   0: [mem 0x0000000000100000-0x000000003ffeffff]
[    0.000000] Initmem setup node 0 [mem 0x0000000000001000-0x000000003ffeffff]
[    0.000000] ACPI: PM-Timer IO Port: 0x4008
[    0.000000] IOAPIC[0]: apic_id 1, version 32, address 0xfec00000, GSI 0-23
[    0.000000] ACPI: INT_SRC_OVR (bus 0 bus_irq 0 global_irq 2 dfl dfl)
[    0.000000] ACPI: INT_SRC_OVR (bus 0 bus_irq 9 global_irq 9 low level)
[    0.000000] Using ACPI (MADT) for SMP configuration information
[    0.000000] smpboot: Allowing 1 CPUs, 0 hotplug CPUs
[    0.000000] PM: Registered nosave memory: [mem 0x00000000-0x00000fff]
[    0.000000] PM: Registered nosave memory: [mem 0x0009f000-0x0009ffff]
[    0.000000] PM: Registered nosave memory: [mem 0x000a0000-0x000effff]
[    0.000000] PM: Registered nosave memory: [mem 0x000f0000-0x000fffff]
[    0.000000] e820: [mem 0x40000000-0xfebfffff] available for PCI devices
[    0.000000] Booting paravirtualized kernel on KVM
[    0.000000] clocksource: refined-jiffies: mask: 0xffffffff max_cycles: 0xffffffff, max_idle_ns: 7645519600211568 ns
[    0.000000] setup_percpu: NR_CPUS:512 nr_cpumask_bits:512 nr_cpu_ids:1 nr_node_ids:1
[    0.000000] PERCPU: Embedded 33 pages/cpu @ffff88003fc00000 s95192 r8192 d31784 u2097152
[    0.000000] Built 1 zonelists in Node order, mobility grouping on.  Total pages: 257912
[    0.000000] Policy zone: DMA32
[    0.000000] Kernel command line: BOOT_IMAGE=/boot/vmlinuz-4.4.0-210-generic root=LABEL=cloudimg-rootfs ro console=tty1 console=ttyS0
[    0.000000] PID hash table entries: 4096 (order: 3, 32768 bytes)
[    0.000000] Memory: 997924K/1048120K available (8644K kernel code, 1332K rwdata, 4044K rodata, 1492K init, 1164K bss, 50196K reserved, 0K cma-reserved)
[    0.000000] SLUB: HWalign=64, Order=0-3, MinObjects=0, CPUs=1, Nodes=1
[    0.000000] Hierarchical RCU implementation.
[    0.000000] 	Build-time adjustment of leaf fanout to 64.
[    0.000000] 	RCU restricting CPUs from NR_CPUS=512 to nr_cpu_ids=1.
[    0.000000] RCU: Adjusting geometry for rcu_fanout_leaf=64, nr_cpu_ids=1
[    0.000000] NR_IRQS:33024 nr_irqs:256 16
[    0.000000] Console: colour VGA+ 80x25
[    0.000000] console [tty1] enabled
[    0.000000] console [ttyS0] enabled
[    0.000000] tsc: Detected 2419.210 MHz processor
[    0.633440] Calibrating delay loop (skipped) preset value.. 4838.42 BogoMIPS (lpj=9676840)
[    0.643117] pid_max: default: 32768 minimum: 301
[    0.651860] ACPI: Core revision 20150930
[    0.664899] ACPI: 2 ACPI AML tables successfully acquired and loaded
[    0.682993] Security Framework initialized
[    0.694910] Yama: becoming mindful.
[    0.700781] AppArmor: AppArmor initialized
[    0.705641] Dentry cache hash table entries: 131072 (order: 8, 1048576 bytes)
[    0.722371] Inode-cache hash table entries: 65536 (order: 7, 524288 bytes)
[    0.737963] Mount-cache hash table entries: 2048 (order: 2, 16384 bytes)
[    0.748613] Mountpoint-cache hash table entries: 2048 (order: 2, 16384 bytes)
[    0.760074] Initializing cgroup subsys io
[    0.768122] Initializing cgroup subsys memory
[    0.772865] Initializing cgroup subsys devices
[    0.777913] Initializing cgroup subsys freezer
[    0.784355] Initializing cgroup subsys net_cls
[    0.789085] Initializing cgroup subsys perf_event
[    0.794240] Initializing cgroup subsys net_prio
[    0.801963] Initializing cgroup subsys hugetlb
[    0.808135] Initializing cgroup subsys pids
[    0.818820] mce: CPU supports 0 MCE banks
[    0.825272] Last level iTLB entries: 4KB 0, 2MB 0, 4MB 0
[    0.830857] Last level dTLB entries: 4KB 0, 2MB 0, 4MB 0, 1GB 0
[    0.840493] Spectre V1 : Mitigation: usercopy/swapgs barriers and __user pointer sanitization
[    0.850376] Spectre V2 : Mitigation: Enhanced IBRS
[    0.856883] Spectre V2 : Spectre v2 / SpectreRSB mitigation: Filling RSB on context switch
[    0.866145] Speculative Store Bypass: Vulnerable
[    1.170667] Freeing SMP alternatives memory: 36K
[    1.311113] ftrace: allocating 32380 entries in 127 pages
[    2.211281] smpboot: APIC(0) Converting physical 0 to logical package 0
[    2.222274] smpboot: Max logical packages: 1
[    2.242998] ..TIMER: vector=0x30 apic1=0 pin1=2 apic2=-1 pin2=-1
[    2.357530] APIC calibration not consistent with PM-Timer: 98ms instead of 100ms
[    2.364482] APIC delta adjusted to PM-Timer: 6250108 (6187058)
[    2.370632] smpboot: CPU0: 11th Gen Intel(R) Core(TM) i5-1135G7 @ 2.40GHz (family: 0x6, model: 0x8c, stepping: 0x1)
[    2.381612] Performance Events: unsupported p6 CPU model 140 no PMU driver, software events only.
[    2.539477] KVM setup paravirtual spinlock
[    2.545188] x86: Booted up 1 node, 1 CPUs
[    2.549084] smpboot: Total of 1 processors activated (4838.42 BogoMIPS)
[    2.557350] devtmpfs: initialized
[    2.562655] evm: security.selinux
[    2.565896] evm: security.SMACK64
[    2.569112] evm: security.SMACK64EXEC
[    2.573811] evm: security.SMACK64TRANSMUTE
[    2.577617] evm: security.SMACK64MMAP
[    2.581125] evm: security.ima
[    2.584409] evm: security.capability
[    2.593006] clocksource: jiffies: mask: 0xffffffff max_cycles: 0xffffffff, max_idle_ns: 7645041785100000 ns
[    2.601912] futex hash table entries: 256 (order: 2, 16384 bytes)
[    2.612429] pinctrl core: initialized pinctrl subsystem
[    2.617755] RTC time:  4:49:59, date: 02/20/24
[    2.622494] NET: Registered protocol family 16
[    2.629217] cpuidle: using governor ladder
[    2.633175] cpuidle: using governor menu
[    2.637037] PCCT header not found.
[    2.640496] ACPI: bus type PCI registered
[    2.646852] acpiphp: ACPI Hot Plug PCI Controller Driver version: 0.5
[    2.653602] PCI: Using configuration type 1 for base access
[    2.661784] ACPI: Added _OSI(Module Device)
[    2.666397] ACPI: Added _OSI(Processor Device)
[    2.670619] ACPI: Added _OSI(3.0 _SCP Extensions)
[    2.675049] ACPI: Added _OSI(Processor Aggregator Device)
[    2.681307] ACPI: Executed 1 blocks of module-level executable AML code
[    2.692482] ACPI: Interpreter enabled
[    2.696209] ACPI: (supports S0 S5)
[    2.699818] ACPI: Using IOAPIC for interrupt routing
[    2.704943] PCI: Using host bridge windows from ACPI; if necessary, use "pci=nocrs" and report a bug
[    2.721555] ACPI: PCI Root Bridge [PCI0] (domain 0000 [bus 00-ff])
[    2.727647] acpi PNP0A03:00: _OSC: OS supports [ASPM ClockPM Segments MSI]
[    2.734901] acpi PNP0A03:00: _OSC: not requesting OS control; OS requires [ExtendedConfig ASPM ClockPM MSI]
[    2.744146] acpi PNP0A03:00: fail to add MMCONFIG information, can't access extended PCI configuration space under this bridge.
[    2.755220] PCI host bridge to bus 0000:00
[    2.759051] pci_bus 0000:00: root bus resource [io  0x0000-0x0cf7 window]
[    2.764988] pci_bus 0000:00: root bus resource [io  0x0d00-0xffff window]
[    2.771303] pci_bus 0000:00: root bus resource [mem 0x000a0000-0x000bffff window]
[    2.778255] pci_bus 0000:00: root bus resource [mem 0x40000000-0xfdffffff window]
[    2.785280] pci_bus 0000:00: root bus resource [bus 00-ff]
[    2.797001] pci 0000:00:01.1: legacy IDE quirk: reg 0x10: [io  0x01f0-0x01f7]
[    2.803272] pci 0000:00:01.1: legacy IDE quirk: reg 0x14: [io  0x03f6]
[    2.809045] pci 0000:00:01.1: legacy IDE quirk: reg 0x18: [io  0x0170-0x0177]
[    2.815902] pci 0000:00:01.1: legacy IDE quirk: reg 0x1c: [io  0x0376]
[    2.845420] pci 0000:00:07.0: quirk: [io  0x4000-0x403f] claimed by PIIX4 ACPI
[    2.853022] pci 0000:00:07.0: quirk: [io  0x4100-0x410f] claimed by PIIX4 SMB
[    2.866801] ACPI: PCI Interrupt Link [LNKA] (IRQs 5 9 10 *11)
[    2.875456] ACPI: PCI Interrupt Link [LNKB] (IRQs 5 9 *10 11)
[    2.883112] ACPI: PCI Interrupt Link [LNKC] (IRQs 5 *9 10 11)
[    2.891157] ACPI: PCI Interrupt Link [LNKD] (IRQs 5 9 10 *11)
[    2.899078] ACPI: Enabled 2 GPEs in block 00 to 07
[    2.926450] vgaarb: setting as boot device: PCI:0000:00:02.0
[    2.931920] vgaarb: device added: PCI:0000:00:02.0,decodes=io+mem,owns=io+mem,locks=none
[    2.939469] vgaarb: loaded
[    2.942161] vgaarb: bridge control possible 0000:00:02.0
[    2.948083] SCSI subsystem initialized
[    2.952167] ACPI: bus type USB registered
[    2.956074] usbcore: registered new interface driver usbfs
[    2.961459] usbcore: registered new interface driver hub
[    2.967791] usbcore: registered new device driver usb
[    2.975578] PCI: Using ACPI for IRQ routing
[    2.980737] NetLabel: Initializing
[    2.984173] NetLabel:  domain hash size = 128
[    2.988203] NetLabel:  protocols = UNLABELED CIPSOv4
[    2.992734] NetLabel:  unlabeled traffic allowed by default
[    2.997853] amd_nb: Cannot enumerate AMD northbridges
[    3.003128] clocksource: Switched to clocksource kvm-clock
[    3.034748] AppArmor: AppArmor Filesystem Enabled
[    3.041690] pnp: PnP ACPI init
[    3.047403] pnp: PnP ACPI: found 3 devices
[    3.060233] clocksource: acpi_pm: mask: 0xffffff max_cycles: 0xffffff, max_idle_ns: 2085701024 ns
[    3.069632] NET: Registered protocol family 2
[    3.074933] TCP established hash table entries: 8192 (order: 4, 65536 bytes)
[    3.082196] TCP bind hash table entries: 8192 (order: 5, 131072 bytes)
[    3.089353] TCP: Hash tables configured (established 8192 bind 8192)
[    3.096086] UDP hash table entries: 512 (order: 2, 16384 bytes)
[    3.101840] UDP-Lite hash table entries: 512 (order: 2, 16384 bytes)
[    3.108097] NET: Registered protocol family 1
[    3.112765] pci 0000:00:00.0: Limiting direct PCI/PCI transfers
[    3.118782] pci 0000:00:01.0: Activating ISA DMA hang workarounds
[    3.125084] Unpacking initramfs...
[    3.644202] Freeing initrd memory: 14888K
[    3.648961] clocksource: tsc: mask: 0xffffffffffffffff max_cycles: 0x22df1a7d9cc, max_idle_ns: 440795302495 ns
[    3.658508] platform rtc_cmos: registered platform RTC device (no PNP device found)
[    3.668200] Scanning for low memory corruption every 60 seconds
[    3.674168] audit: initializing netlink subsys (disabled)
[    3.679372] audit: type=2000 audit(1708404604.130:1): initialized
[    3.685788] Initialise system trusted keyring
[    3.690338] HugeTLB registered 2 MB page size, pre-allocated 0 pages
[    3.698556] zbud: loaded
[    3.701612] VFS: Disk quotas dquot_6.6.0
[    3.705883] VFS: Dquot-cache hash table entries: 512 (order 0, 4096 bytes)
[    3.712789] squashfs: version 4.0 (2009/01/31) Phillip Lougher
[    3.718465] fuse init (API version 7.23)
[    3.722674] Key type big_key registered
[    3.726885] Allocating IMA MOK and blacklist keyrings.
[    3.733593] Key type asymmetric registered
[    3.737643] Asymmetric key parser 'x509' registered
[    3.742558] Block layer SCSI generic (bsg) driver version 0.4 loaded (major 249)
[    3.750765] io scheduler noop registered
[    3.754965] io scheduler deadline registered (default)
[    3.760684] io scheduler cfq registered
[    3.764608] pci_hotplug: PCI Hot Plug PCI Core version: 0.5
[    3.770105] pciehp: PCI Express Hot Plug Controller Driver version: 0.4
[    3.776536] ACPI: AC Adapter [AC] (on-line)
[    3.780888] input: Power Button as /devices/LNXSYSTM:00/LNXPWRBN:00/input/input0
[    3.788439] ACPI: Power Button [PWRF]
[    3.794546] input: Sleep Button as /devices/LNXSYSTM:00/LNXSLPBN:00/input/input1
[    3.801940] ACPI: Sleep Button [SLPF]
[    3.807512] ACPI: Battery Slot [BAT0] (battery present)
[    3.813399] GHES: HEST is not enabled!
[    3.817290] Serial: 8250/16550 driver, 32 ports, IRQ sharing enabled
[    3.855487] 00:02: ttyS0 at I/O 0x3f8 (irq = 4, base_baud = 115200) is a 16550A
[    3.864750] Linux agpgart interface v0.103
[    3.873704] loop: module loaded
[    3.878953] scsi host0: ata_piix
[    3.882885] scsi host1: ata_piix
[    3.886256] ata1: PATA max UDMA/33 cmd 0x1f0 ctl 0x3f6 bmdma 0xd000 irq 14
[    3.892478] ata2: PATA max UDMA/33 cmd 0x170 ctl 0x376 bmdma 0xd008 irq 15
[    3.900857] libphy: Fixed MDIO Bus: probed
[    3.905300] tun: Universal TUN/TAP device driver, 1.6
[    3.910450] tun: (C) 1999-2004 Max Krasnyansky <maxk@qualcomm.com>
[    3.918591] PPP generic driver version 2.4.2
[    3.924459] ehci_hcd: USB 2.0 'Enhanced' Host Controller (EHCI) Driver
[    3.931006] ehci-pci: EHCI PCI platform driver
[    3.935537] ehci-platform: EHCI generic platform driver
[    3.940940] ohci_hcd: USB 1.1 'Open' Host Controller (OHCI) Driver
[    3.947347] ohci-pci: OHCI PCI platform driver
[    3.952173] ohci-platform: OHCI generic platform driver
[    3.957672] uhci_hcd: USB Universal Host Controller Interface driver
[    3.963794] i8042: PNP: PS/2 Controller [PNP0303:PS2K,PNP0f03:PS2M] at 0x60,0x64 irq 1,12
[    3.975339] serio: i8042 KBD port at 0x60,0x64 irq 1
[    3.980056] serio: i8042 AUX port at 0x60,0x64 irq 12
[    3.985329] mousedev: PS/2 mouse device common for all mice
[    3.992550] input: AT Translated Set 2 keyboard as /devices/platform/i8042/serio0/input/input2
[    4.002176] rtc_cmos rtc_cmos: rtc core: registered rtc_cmos as rtc0
[    4.009566] rtc_cmos rtc_cmos: alarms up to one day, 114 bytes nvram
[    4.015767] i2c /dev entries driver
[    4.019184] device-mapper: uevent: version 1.0.3
[    4.023768] device-mapper: ioctl: 4.34.0-ioctl (2015-10-28) initialised: dm-devel@redhat.com
[    4.031905] ledtrig-cpu: registered to indicate activity on CPUs
[    4.037990] NET: Registered protocol family 10
[    4.042681] NET: Registered protocol family 17
[    4.046997] Key type dns_resolver registered
[    4.051789] registered taskstats version 1
[    4.110995] Loading compiled-in X.509 certificates
[    4.116836] Loaded X.509 cert 'Build time autogenerated kernel key: cf00e047681d67edb2720680708b7d9498083038'
[    4.127317] zswap: loaded using pool lzo/zbud
[    4.134233] Key type trusted registered
[    4.147279] Key type encrypted registered
[    4.151306] AppArmor: AppArmor sha1 policy hashing enabled
[    4.156781] ima: No TPM chip found, activating TPM-bypass!
[    4.164292] ima: Allocated hash algorithm: sha1
[    4.168496] evm: HMAC attrs: 0x1
[    4.172210]   Magic number: 12:686:818
[    4.182207] rtc_cmos rtc_cmos: setting system clock to 2024-02-20 04:50:01 UTC (1708404601)
[    4.189774] BIOS EDD facility v0.16 2004-Jun-25, 0 devices found
[    4.199062] EDD information not available.
[    4.205776] Freeing unused kernel memory: 1492K
[    4.210197] Write protecting the kernel read-only data: 14336k
[    4.217892] Freeing unused kernel memory: 1584K
[    4.223049] Freeing unused kernel memory: 52K
Loading, please wait...
starting version 229
[    4.248114] random: systemd-udevd: uninitialized urandom read (16 bytes read, 7 bits of entropy available)
[    4.257527] random: udevadm: uninitialized urandom read (16 bytes read, 7 bits of entropy available)
[    4.266544] random: systemd-udevd: uninitialized urandom read (16 bytes read, 7 bits of entropy available)
[    4.276470] random: udevadm: uninitialized urandom read (16 bytes read, 7 bits of entropy available)
[    4.285076] random: systemd-udevd: uninitialized urandom read (16 bytes read, 7 bits of entropy available)
[    4.303549] random: systemd-udevd: uninitialized urandom read (16 bytes read, 7 bits of entropy available)
[    4.314522] random: udevadm: uninitialized urandom read (16 bytes read, 7 bits of entropy available)
[    4.324136] random: systemd-udevd: uninitialized urandom read (16 bytes read, 7 bits of entropy available)
[    4.333731] random: udevadm: uninitialized urandom read (16 bytes read, 7 bits of entropy available)
[    4.343977] random: systemd-udevd: uninitialized urandom read (16 bytes read, 7 bits of entropy available)
[    4.457904] Fusion MPT base driver 3.04.20
[    4.461945] Copyright (c) 1999-2008 LSI Corporation
[    4.499366] e1000: Intel(R) PRO/1000 Network Driver - version 7.3.21-k8-NAPI
[    4.507273] e1000: Copyright (c) 1999-2006 Intel Corporation.
[    4.548026] SSE version of gcm_enc/dec engaged.
[    4.570766] Fusion MPT SPI Host driver 3.04.20
[    4.781428] input: ImExPS/2 Generic Explorer Mouse as /devices/platform/i8042/serio1/input/input4
[    5.302886] e1000 0000:00:03.0 eth0: (PCI:33MHz:32-bit) 02:be:82:6b:cc:1d
[    5.309321] e1000 0000:00:03.0 eth0: Intel(R) PRO/1000 Network Connection
[    5.319134] e1000 0000:00:03.0 enp0s3: renamed from eth0
[    5.325628] mptbase: ioc0: Initiating bringup
[    5.406042] ioc0: LSI53C1030 A0: Capabilities={Initiator}
[    5.589887] scsi host2: ioc0: LSI53C1030 A0, FwRev=00000000h, Ports=1, MaxQ=256, IRQ=20
[    5.712840] scsi 2:0:0:0: Direct-Access     VBOX     HARDDISK         1.0  PQ: 0 ANSI: 5
[    5.725187] scsi target2:0:0: Beginning Domain Validation
[    5.756837] scsi target2:0:0: Domain Validation skipping write tests
[    5.763875] scsi target2:0:0: Ending Domain Validation
[    5.769617] scsi target2:0:0: asynchronous
[    5.776170] scsi 2:0:1:0: Direct-Access     VBOX     HARDDISK         1.0  PQ: 0 ANSI: 5
[    5.784613] scsi target2:0:1: Beginning Domain Validation
[    5.796861] scsi target2:0:1: Domain Validation skipping write tests
[    5.803481] scsi target2:0:1: Ending Domain Validation
[    5.809023] scsi target2:0:1: asynchronous
[    5.832189] sd 2:0:0:0: Attached scsi generic sg0 type 0
[    5.837721] sd 2:0:0:0: [sda] 83886080 512-byte logical blocks: (42.9 GB/40.0 GiB)
[    5.847683] sd 2:0:1:0: [sdb] 20480 512-byte logical blocks: (10.5 MB/10.0 MiB)
[    5.854845] sd 2:0:1:0: Attached scsi generic sg1 type 0
[    5.860549] sd 2:0:0:0: [sda] Write Protect is off
[    5.866177] sd 2:0:1:0: [sdb] Write Protect is off
[    5.871917] sd 2:0:0:0: [sda] Incomplete mode parameter data
[    5.882209] sd 2:0:0:0: [sda] Assuming drive cache: write through
[    5.888545] sd 2:0:1:0: [sdb] Incomplete mode parameter data
[    5.893806] sd 2:0:1:0: [sdb] Assuming drive cache: write through
[    5.902692]  sda: sda1
[    5.909862] sd 2:0:0:0: [sda] Attached SCSI disk
[    5.918985] sd 2:0:1:0: [sdb] Attached SCSI disk
Begin: Loading essential drivers ... [    7.831975] md: linear personality registered for level -1
[    7.842126] md: multipath personality registered for level -4
[    7.852207] md: raid0 personality registered for level 0
[    7.870073] md: raid1 personality registered for level 1
[    7.951381] raid6: sse2x1   gen()  7221 MB/s
[    8.035236] raid6: sse2x1   xor()  5965 MB/s
[    8.107845] raid6: sse2x2   gen()  8548 MB/s
[    8.192138] raid6: sse2x2   xor()  7303 MB/s
[    8.263302] raid6: sse2x4   gen()  9629 MB/s
[    8.335785] raid6: sse2x4   xor()  4713 MB/s
[    8.340058] raid6: using algorithm sse2x4 gen() 9629 MB/s
[    8.345424] raid6: .... xor() 4713 MB/s, rmw enabled
[    8.353439] raid6: using ssse3x2 recovery algorithm
[    8.360832] xor: measuring software checksum speed
[    8.471662]    prefetch64-sse: 44417.000 MB/sec
[    8.583177]    generic_sse: 34783.000 MB/sec
[    8.587393] xor: using function: prefetch64-sse (44417.000 MB/sec)
[    8.595873] async_tx: api initialized (async)
[    8.651764] md: raid6 personality registered for level 6
[    8.657693] md: raid5 personality registered for level 5
[    8.669355] md: raid4 personality registered for level 4
[    8.695498] md: raid10 personality registered for level 10
done.
Begin: Running /scripts/init-premount ... done.
Begin: Mounting root file system ... Begin: Running /scripts/local-top ... done.
Begin: Running /scripts/local-premount ... [    8.835202] Btrfs loaded
Scanning for Btrfs filesystems
done.
Warning: fsck not present, so skipping root file system
[    8.901794] EXT4-fs (sda1): mounted filesystem with ordered data mode. Opts: (null)
done.
Begin: Running /scripts/local-bottom ... done.
Begin: Running /scripts/init-bottom ... done.
[    9.101622] systemd[1]: systemd 229 running in system mode. (+PAM +AUDIT +SELINUX +IMA +APPARMOR +SMACK +SYSVINIT +UTMP +LIBCRYPTSETUP +GCRYPT +GNUTLS +ACL +XZ -LZ4 +SECCOMP +BLKID +ELFUTILS +KMOD -IDN)
[    9.117961] systemd[1]: Detected virtualization oracle.
[    9.123380] systemd[1]: Detected architecture x86-64.

Welcome to [1mUbuntu 16.04.7 LTS[0m!

[    9.140091] systemd[1]: Set hostname to <ubuntu>.
[    9.151499] systemd[1]: Initializing machine ID from random generator.
[    9.157564] systemd[1]: Installed transient /etc/machine-id file.
[    9.417007] systemd[1]: Reached target Swap.
[[0;32m  OK  [0m] Reached target Swap.
[    9.427505] systemd[1]: Listening on /dev/initctl Compatibility Named Pipe.
[[0;32m  OK  [0m] Listening on /dev/initctl Compatibility Named Pipe.
[    9.440815] systemd[1]: Listening on Syslog Socket.
[[0;32m  OK  [0m] Listening on Syslog Socket.
[    9.451336] systemd[1]: Listening on fsck to fsckd communication Socket.
[[0;32m  OK  [0m] Listening on fsck to fsckd communication Socket.
[    9.464345] systemd[1]: Listening on LVM2 poll daemon socket.
[[0;32m  OK  [0m] Listening on LVM2 poll daemon socket.
[    9.476440] systemd[1]: Reached target Encrypted Volumes.
[[0;32m  OK  [0m] Reached target Encrypted Volumes.
[    9.487723] systemd[1]: Created slice User and Session Slice.
[[0;32m  OK  [0m] Created slice User and Session Slice.
[    9.499594] systemd[1]: Reached target System Time Synchronized.
[[0;32m  OK  [0m] Reached target System Time Synchronized.
[    9.511047] systemd[1]: Listening on Journal Audit Socket.
[[0;32m  OK  [0m] Listening on Journal Audit Socket.
[    9.522184] systemd[1]: Listening on Journal Socket (/dev/log).
[[0;32m  OK  [0m] Listening on Journal Socket (/dev/log).
[    9.533323] systemd[1]: Started Forward Password Requests to Wall Directory Watch.
[[0;32m  OK  [0m] Started Forward Password Requests to Wall Directory Watch.
[    9.547741] systemd[1]: Set up automount Arbitrary Executable File Formats File System Automount Point.
[[0;32m  OK  [0m] Set up automount Arbitrary Executab...ats File System Automount Point.
[    9.564122] systemd[1]: Listening on Journal Socket.
[[0;32m  OK  [0m] Listening on Journal Socket.
[    9.574421] systemd[1]: Created slice System Slice.
[[0;32m  OK  [0m] Created slice System Slice.
[    9.585870] systemd[1]: Starting Journal Service...
         Starting Journal Service...
[    9.605507] systemd[1]: Starting Uncomplicated firewall...
         Starting Uncomplicated firewall...
[    9.634048] systemd[1]: Starting Create list of required static device nodes for the current kernel...
         Starting Create list of required st... nodes for the current kernel...
[    9.654902] systemd[1]: Created slice system-serial\x2dgetty.slice.
[[0;32m  OK  [0m] Created slice system-serial\x2dgetty.slice.
[    9.669330] systemd[1]: Starting Load Kernel Modules...
         Starting Load Kernel Modules...
[    9.688271] systemd[1]: Starting Set console keymap...
         Starting Set console keymap...
[    9.714987] systemd[1]: Mounting POSIX Message Queue File System...
[    9.720892] Loading iSCSI transport class v2.0-870.
         [    9.728304] random: nonblocking pool is initialized
Mounting POSIX Message Queue File System...
[    9.746652] systemd[1]: Reached target Slices.
[[0;32m  OK  [0m] Reached target Slices.
[    9.772526] systemd[1]: Starting File System Check on Root Device...
[    9.785859] iscsi: registered transport (tcp)
         Starting File System Check on Root Device...
[    9.803570] systemd[1]: Listening on udev Control Socket.
[[0;32m  OK  [0m] Listening on udev Control Socket.
[    9.824765] systemd[1]: Listening on udev Kernel Socket.
[[0;32m  OK  [0m] Listening on udev Kernel Socket.
[    9.855221] systemd[1]: Listening on Device-mapper event daemon FIFOs.
[[0;32m  OK  [0m] Listening on Device-mapper event daemon FIFOs.
[    9.893190] systemd[1]: Starting Nameserver information manager...
         Starting Nameserver information manager...
[    9.916888] systemd[1]: Listening on LVM2 metadata daemon socket.
[[0;32m  OK  [0m] Listening on LVM2 metadata daemon socket.
[    9.952693] systemd[1]: Reached target User and Group Name Lookups.
[[0;32m  OK  [0m] Reached target User and Group Name Lookups.
[    9.994821] systemd[1]: Starting Monitoring of LVM2 mirrors, snapshots etc. using dmeventd or progress polling...
         Starting Monitoring of LVM2 mirrors... dmeventd or progress polling...
[   10.026808] systemd[1]: Mounting Debug File System...
         Mounting Debug File System...
[   10.057581] systemd[1]: Started Trigger resolvconf update for networkd DNS.
[   10.064240] iscsi: registered transport (iser)
[[0;32m  OK  [0m] Started Trigger resolvconf update for networkd DNS.
[   10.077488] systemd[1]: Mounting Huge Pages File System...
         Mounting Huge Pages File System...
[   10.093139] systemd[1]: Mounted Huge Pages File System.
[[0;32m  OK  [0m] Mounted Huge Pages File System.
[   10.106829] systemd[1]: Mounted POSIX Message Queue File System.
[[0;32m  OK  [0m] Mounted POSIX Message Queue File System.
[   10.118897] systemd[1]: Mounted Debug File System.
[[0;32m  OK  [0m] Mounted Debug File System.
[   10.128816] systemd[1]: Started Journal Service.
[[0;32m  OK  [0m] Started Journal Service.
[[0;32m  OK  [0m] Started Uncomplicated firewall.
[[0;32m  OK  [0m] Started Create list of required sta...ce nodes for the current kernel.
[[0;32m  OK  [0m] Started Load Kernel Modules.
[[0;32m  OK  [0m] Started Set console keymap.
[[0;32m  OK  [0m] Started File System Check on Root Device.
[[0;32m  OK  [0m] Started File System Check Daemon to report status.
[[0;32m  OK  [0m] Started LVM2 metadata daemon.
         Starting Remount Root and Kernel File Systems...
[   10.218182] EXT4-fs (sda1): re-mounted. Opts: (null)
         Mounting FUSE Control File System...
         Starting Apply Kernel Variables...
         Starting Create Static Device Nodes in /dev...
[[0;32m  OK  [0m] Mounted FUSE Control File System.
[[0;32m  OK  [0m] Started Nameserver information manager.
[[0;32m  OK  [0m] Started Remount Root and Kernel File Systems.
[[0;32m  OK  [0m] Started Apply Kernel Variables.
[[0;32m  OK  [0m] Started Create Static Device Nodes in /dev.
         Starting udev Kernel Device Manager...
         Starting Load/Save Random Seed...
         Starting Flush Journal to Persistent Storage...
         Starting udev Coldplug all Devices...
[[0;32m  OK  [0m] Started Monitoring of LVM2 mirrors,...ng dmeventd or progress polling.
[[0;32m  OK  [0m] Started Load/Save Random Seed.
[[0;32m  OK  [0m] Reached target Local File Systems (Pre).
[[0;32m  OK  [0m] Reached target Local File Systems.
         Starting Initial cloud-init job (pre-networking)...
         Starting Commit a transient machine-id on disk...
         Starting LSB: AppArmor initialization...
         Starting Tell Plymouth To Write Out Runtime Data...
         Starting Set console font and keymap...
[[0;32m  OK  [0m] Started udev Kernel Device Manager.
[[0;32m  OK  [0m] Started Commit a transient machine-id on disk.
[[0;32m  OK  [0m] Started Tell Plymouth To Write Out Runtime Data.
[[0;32m  OK  [0m] Started Flush Journal to Persistent Storage.
         Starting Create Volatile Files and Directories...
[[0;32m  OK  [0m] Started Create Volatile Files and Directories.
         Starting Update UTMP about System Boot/Shutdown...
[[0;32m  OK  [0m] Started Update UTMP about System Boot/Shutdown.
[[0;32m  OK  [0m] Started udev Coldplug all Devices.
[[0;32m  OK  [0m] Started Dispatch Password Requests to Console Directory Watch.
[[0;32m  OK  [0m] Found device /dev/ttyS0.
[[0;32m  OK  [0m] Listening on Load/Save RF Kill Switch Status /dev/rfkill Watch.
[   12.721116] cloud-init[471]: Cloud-init v. 21.1-19-gbad84ad4-0ubuntu1~16.04.2 running 'init-local' at Tue, 20 Feb 2024 04:50:10 +0000. Up 11.68 seconds.[[0;32m  OK  [0m] Started Initial cloud-init job (pre-networking).

[[0;32m  OK  [0m] Started LSB: AppArmor initialization.
         Starting Load AppArmor profiles managed internally by snapd...
[[0;32m  OK  [0m] Reached target Network (Pre).
         Starting Raise network interfaces...
[[0;32m  OK  [0m] Started Load AppArmor profiles managed internally by snapd.
[[0;32m  OK  [0m] Started Set console font and keymap.
[[0;32m  OK  [0m] Created slice system-getty.slice.
[[0;32m  OK  [0m] Started Raise network interfaces.
         Starting Initial cloud-init job (metadata service crawler)...
[[0;32m  OK  [0m] Reached target Network.
[   15.541558] cloud-init[941]: Cloud-init v. 21.1-19-gbad84ad4-0ubuntu1~16.04.2 running 'init' at Tue, 20 Feb 2024 04:50:13 +0000. Up 14.76 seconds.
[   15.568334] cloud-init[941]: ci-info: ++++++++++++++++++++++++++++++++++++++Net device info++++++++++++++++++++++++++++++++++++++
[   15.589384] cloud-init[941]: ci-info: +--------+------+----------------------------+---------------+--------+-------------------+
[   15.609940] cloud-init[941]: ci-info: | Device |  Up  |          Address           |      Mask     | Scope  |     Hw-Address    |
[   15.630595] cloud-init[941]: ci-info: +--------+------+----------------------------+---------------+--------+-------------------+
[   15.649760] [[0;32m  OK  [0m] cloud-init[941]: ci-info: | enp0s3 | True |         10.0.2.15          | 255.255.255.0 | global | 02:be:82:6b:cc:1d |Started Initial cloud-init job (metadata service crawler).
[[0;32m  OK  [0m] Reached target Network is Online.
[   15.670752] cloud-init[941]: ci-info: | enp0s3 | True | fe80::be:82ff:fe6b:cc1d/64 |       .       |  link  | 02:be:82:6b:cc:1d |
         Starting iSCSI initiator daemon (iscsid)...
[   15.681891] cloud-init
[[0;32m  OK  [0m[941]: ] Reached target System Initialization.
ci-info: |   lo   | True |         127.0.0.1          |   255.0.0.0   |  host  |         .         |[[0;32m  OK  [0m] Listening on D-Bus System Message Bus Socket.
[   15.710889] cloud-init[941]: 
[ci-info: |   lo   | True |          ::1/128           |       .       |  host  |         .         |
[   15.719237] cloud-init[941]: ci-info: +--------+------+----------------------------+---------------+--------+-------------------+
[   15.719295] cloud-init[941]: ci-info: +++++++++++++++++++++++++++Route IPv4 info++++++++++++++++++++++++++++
[   15.719330] cloud-init[941]: ci-info: +-------+-------------+----------+---------------+-----------+-------+
[   15.719368] cloud-init[941]: ci-info: | Route | Destination | Gateway  |    Genmask    | Interface | Flags |
[   15.719402] cloud-init[941]: ci-info: +-------+-------------+----------+---------------+-----------+-------+
[   15.719436] cloud-init[941]: ci-info: |   0   |   0.0.0.0   | 10.0.2.2 |    0.0.0.0    |   enp0s3  |   UG  |
[   15.719469] cloud-init[941]: ci-info: |   1   |   10.0.2.0  | 0.0.0.0  | 255.255.255.0 |   enp0s3  |   U   |
[   15.719513] cloud-init[941]: ci-info: +-------+-------------+----------+---------------+-----------+-------+
[   15.719574] cloud-init[941]: ci-info: +++++++++++++++++++Route IPv6 info+++++++++++++++++++
[   15.719614] cloud-init[941]: ci-info: +-------+-------------+---------+-----------+-------+
[   15.719651] cloud-init[941]: ci-info: | Route | Destination | Gateway | Interface | Flags |
[   15.719686] cloud-init[941]: ci-info: +-------+-------------+---------+-----------+-------+
[0;32m  OK  [0m] Started Daily apt download activities.
[[0;32m  OK  [0m] Started Daily apt upgrade and clean activities.
[[0;32m  OK  [0m] Listening on UUID daemon activation socket.
[[0;32m  OK  [0m] Started Daily Cleanup of Temporary Directories.
[   15.798688]          Starting Socket activation for snappy daemon.
cloud-init[[941]: [0;32m  OK  [0m] Started ACPI Events Check.ci-info: |   0   |  fe80::/64  |    ::   |   enp0s3  |   U   |
[[0;32m  OK  [0m] 
[   15.830514] cloud-initReached target Paths.
[941]: ci-info: |   3   |   ff00::/8  |    ::   |   enp0s3  |   U   |
         Starting LXD - unix socket.
[[0;32m  OK  [0m[   15.853687] cloud-init[941]: ] Started Message of the Day.
[[0;32m  OK  [0mci-info: +-------+-------------+---------+-----------+-------+
[   15.865038] cloud-init[941]: Generating public/private rsa key pair.] Started Ubuntu Advantage update messaging.
[[0;32m  OK  [0m] Reached target Timers.
[   15.877530] cloud-init[941]: Your identification has been saved in /etc/ssh/ssh_host_rsa_key.
[[0;32m  OK  [0m
[   15.885783] cloud-init[941]: ] Listening on ACPID Listen Socket.
[Your public key has been saved in /etc/ssh/ssh_host_rsa_key.pub.
[   15.895419] [0;32m  OK  [0m] Reached target Cloud-config availability.
cloud-init[941]: The key fingerprint is:
[[0;32m  OK  [0m] Listening on Socket activation for snappy daemon.[   15.910771] cloud-init[941]: SHA256:I3bu472zqXEXwHnJl9grtMv+ubfwaxza06zqQ1hjQNg root@ubuntu-xenial

[[0;32m  OK  [0m] Listening on LXD - unix socket.
[[0;32m  OK  [0m[   15.925221] cloud-init[941]: The key's randomart image is:] Reached target Sockets.
[
[0;32m  OK  [0m[   15.941966] ] Reached target Basic System.
         cloud-init[941]: +---[RSA 2048]----+Starting Accounts Service...

[   15.972779] cloud-init[[0;32m  OK  [0m] Started Deferred execution scheduler.[941]: |         +.      |
         Starting /etc/rc.local Compatibility...
[   15.990571] cloud-init
         [941]: Starting LXD - container startup/shutdown...|        ..Eo + . |
         Starting Virtualbox guest utils...
         Starting Login Service...
         Starting System Logging Service...

         Starting Pollinate to seed the pseudo random number generator...
[[0;32m  OK  [0m] Started D-Bus System Message Bus.
[   16.108755] cloud-init[941]: |          +.* +  |
[[0;32m  OK  [0m] Started FUSE filesystem for LXC.
         Starting LSB: Record successful boot for GRUB...[   16.143999] 
[[0;32m  OK  [0m] Started Regular background program processing daemon.
[[0;32m  OK  [0m] Started ACPI event daemon.
         Starting LSB: MD monitoring daemon...
         Starting Snap Daemon...
cloud-init[941]: |           ++o . |
[[0;32m  OK  [0m] Started System Logging Service.
[[0;32m  OK  [0m] Started iSCSI initiator daemon (iscsid).
[[   16.276746] [0;32m  OK  [0m] Started /etc/rc.local Compatibility.cloud-init[941]: |      o S  ++..  |

[   16.299009] cloud-init[941]: |     . + ....+ . |
[   16.377432] cloud-init[941]:          Starting Login to default iSCSI targets...
[[0;32m  OK  [0m] Started Login Service.
         Starting Authenticate and Authorize Users to Run Privileged Tasks...
[[0;32m  OK  [0m] Started Unattended Upgrades Shutdown.
|        o ..+.+.o|
[[0;32m  OK  [0m] Started LSB: MD monitoring daemon.
[[0;32m  OK  [0m] Started LSB: Record successful boot for GRUB.
[[0;32m  OK  [0m] Started Login to default iSCSI targets.
[[0;32m  OK  [0m] Reached target Remote File Systems (Pre).[   16.528632] cloud-init[941]: |       ..+.+..o*+|

[   16.532569] [[0;32m  OK  [0m] Reached target Remote File Systems.
         Starting LSB: Set the CPU Frequency Scaling governor to "ondemand"...
cloud-init         Starting LSB: daemon to balance interrupts for SMP systems...
[941]: |       .+o==++*B+|         Starting LSB: automatic crash report generation...
         Starting Permit User Sessions...
[[0;32m  OK  [0m] Started Permit User Sessions.
         Starting Hold until boot process finishes up...
         Starting Terminate Plymouth Boot Screen...
[[0;32m  OK  [0m] Started Hold until boot process finishes up.
[[0;32m  OK  [0m] Started Terminate Plymouth Boot Screen.
[[0;32m  OK  [0m] Started Authenticate and Authorize Users to Run Privileged Tasks.
[[0;32m  OK  [0m] 
Started Accounts Service.
[[0;32m  OK  [0m] Started Getty on tty1.
         Starting Set console scheme...
[[0;32m  OK  [0m] Started Serial Getty on ttyS0.
[[0;32m  OK  [0m] Reached target Login Prompts.
[[0;32m  OK  [0m] Started LSB: Set the CPU Frequency Scaling governor to "ondemand".
[[0;32m  OK  [0m] Started Set console scheme.
[   16.859986] cloud-init[941]: +----[SHA256]-----+
[   16.974823] [[0;32m  OK  [0m] Started LSB: daemon to balance interrupts for SMP systems.
cloud-init[[0;32m  OK  [0m] Started LXD - container startup/shutdown.
[941]: Generating public/private dsa key pair.[[0;32m  OK  [0m
] Started LSB: automatic crash report generation.
[   17.076200] cloud-init[941]: Your identification has been saved in /etc/ssh/ssh_host_dsa_key.
[   17.108208] cloud-init[941]: Your public key has been saved in /etc/ssh/ssh_host_dsa_key.pub.
[   17.154885] cloud-init[941]: The key fingerprint is:
[   17.166952] cloud-init[941]: SHA256:Np/9S5lcmYr9GogwCwvkl4NjpkCK//xLvv/x+gX4eJo root@ubuntu-xenial
[   17.256756] cloud-init[941]: The key's randomart image is:
[   17.298660] cloud-init[[0;32m  OK  [0m] Started Virtualbox guest utils.
[941]: +---[DSA 1024]----+
[   17.355738] cloud-init[941]: |                 |
[   17.388437] cloud-init[941]: |                 |
[   17.429196] cloud-init[941]: | . .             |
[   17.557247] cloud-init[941]: |+ o . .    .    o|
[   17.609009] cloud-init[941]: |+  B = oS . .  o.|
[   17.635397] cloud-init[941]: [[0;32m  OK  [0m] Started Pollinate to seed the pseudo random number generator.|..+ + +.+o.=+o.+ |

         Starting OpenBSD Secure Shell server...
[   17.715456] cloud-init[941]: | ..  ... .=o++*  |
[   17.865892] cloud-init[941]: |   o o     * +o  |
[   17.987017] cloud-init[941]: [[0;32m  OK  [0m] |    o.=+..Eoo.+o |
Started OpenBSD Secure Shell server.
[   18.025423] cloud-init[941]: +----[SHA256]-----+
[   18.083134] cloud-init[941]: Generating public/private ecdsa key pair.
[   18.109933] cloud-init[941]: Your identification has been saved in /etc/ssh/ssh_host_ecdsa_key.
[   18.190386] cloud-init[941]: Your public key has been saved in /etc/ssh/ssh_host_ecdsa_key.pub.
[   18.212663] cloud-init[941]: The key fingerprint is:
[   18.241643] cloud-init[941]: SHA256:dQ2vT/LnTWZsAHeDf5jFr0wycvMQlasQP5FSDR1BLKE root@ubuntu-xenial
[   18.279144] cloud-init[941]: The key's randomart image is:
[   18.328804] cloud-init[941]: +---[ECDSA 256]---+
[   18.381747] cloud-init[941]: |           .=O=+ |
[   18.414995] cloud-init[941]: |          o.+=*. |
[   18.467680] cloud-init[941]: |          E++++o+|[[0;32m  OK  [0m] Created slice User Slice of vagrant.

         Starting User Manager for UID 1000...
[   18.543736] cloud-init[941]: |         ...o=o=o|
[[0;32m  OK  [0m] Started Session 1 of user vagrant.
[[0;32m  OK  [0m] Started User Manager for UID 1000.
[   18.634066] cloud-init[941]: |        S ..Oo*.o|
[   18.660634] cloud-init[941]: |           o.& +.|
[   18.718280] cloud-init[941]: |              * B|
[   18.778316] cloud-init[941]: |               B.|
[   18.821032] cloud-init[941]: |                o|
[   18.908755] cloud-init[941]: +----[SHA256]-----+
[[0;32m  OK  [0m[   18.966789] cloud-init[941]: Generating public/private ed25519 key pair.
[   18.994504] cloud-init[941]: Your identification has been saved in /etc/ssh/ssh_host_ed25519_key.
[   18.994591] cloud-init[941]: Your public key has been saved in /etc/ssh/ssh_host_ed25519_key.pub.
[   18.994667] cloud-init[941]: The key fingerprint is:
[   18.994728] cloud-init[941]: SHA256:mcqkDHxBMHumKeCiqrUCeVcSg45izR6vswkmdpjT6Tc root@ubuntu-xenial
] Started Snap Daemon.
         Starting Wait until snapd is fully seeded...
[   19.141601] cloud-init[941]: The key's randomart image is:
[   19.212719] cloud-init[941]: +--[ED25519 256]--+
[   19.270050] cloud-init[941]: |  oo.            |
[   19.326551] cloud-init[941]: |  .+o            |
[   19.382453] cloud-init[941]: |.o+ +o           |
[   19.407526] cloud-init[941]: |=o.O...  o       |
[   19.450640] cloud-init[941]: |=o* +o. S        |
[   19.668487] cloud-init[941]: |=.==o= .         |
[   19.709044] cloud-init[941]: |+O.=+ o          |
[   19.759279] cloud-init[941]: |*.=+.E           |
[   19.777432] cloud-init[941]: |+..++ .          |
[   19.808638] cloud-init[941]: +----[SHA256]-----+

Ubuntu 16.04.7 LTS ubuntu-xenial ttyS0

ubuntu-xenial login: [   23.918834] cloud-init[1415]: Generating locales (this might take a while)...
[   25.798148] cloud-init[1415]:   en_US.UTF-8... done
[   25.805796] cloud-init[1415]: Generation complete.
[   26.599669] cloud-init[1415]: Cloud-init v. 21.1-19-gbad84ad4-0ubuntu1~16.04.2 running 'modules:config' at Tue, 20 Feb 2024 04:50:22 +0000. Up 23.53 seconds.
ci-info: no authorized SSH keys fingerprints found for user ubuntu.
<14>Feb 20 04:50:26 ec2: 
<14>Feb 20 04:50:26 ec2: #############################################################
<14>Feb 20 04:50:26 ec2: -----BEGIN SSH HOST KEY FINGERPRINTS-----
<14>Feb 20 04:50:26 ec2: 1024 SHA256:Np/9S5lcmYr9GogwCwvkl4NjpkCK//xLvv/x+gX4eJo root@ubuntu-xenial (DSA)
<14>Feb 20 04:50:26 ec2: 256 SHA256:dQ2vT/LnTWZsAHeDf5jFr0wycvMQlasQP5FSDR1BLKE root@ubuntu-xenial (ECDSA)
<14>Feb 20 04:50:26 ec2: 256 SHA256:mcqkDHxBMHumKeCiqrUCeVcSg45izR6vswkmdpjT6Tc root@ubuntu-xenial (ED25519)
<14>Feb 20 04:50:26 ec2: 2048 SHA256:I3bu472zqXEXwHnJl9grtMv+ubfwaxza06zqQ1hjQNg root@ubuntu-xenial (RSA)
<14>Feb 20 04:50:26 ec2: -----END SSH HOST KEY FINGERPRINTS-----
<14>Feb 20 04:50:26 ec2: #############################################################
-----BEGIN SSH HOST KEY KEYS-----
ecdsa-sha2-nistp256 AAAAE2VjZHNhLXNoYTItbmlzdHAyNTYAAAAIbmlzdHAyNTYAAABBBCEyawxHVgaGc8k4jOJEbFPco+GtIEXdbJsCNig0tclPdf4t4NJvMRO6PNQRWI1wNy0isYkwdz9Xe7yLKjJktUw= root@ubuntu-xenial
ssh-ed25519 AAAAC3NzaC1lZDI1NTE5AAAAIKKUiTpJx72Hl+zpZPItCvHIhNysWQPnEAaOeVgcfcCb root@ubuntu-xenial
ssh-rsa AAAAB3NzaC1yc2EAAAADAQABAAABAQDQOxSriLBh/+PdU/Du29e7Lok7rlRbddTRQdLYSBREl7gxSjFN8iv0UfW9F5gSLBklYewC5sv9Bd1NHMG6t7rdY2ey2f/O45A0AXsEHmiFvRZ1IrTNZT0vdU9Xhs+dmPMVCVC5ifkqh8U0QtCHRgfCFjBUTKry4Voh8SfBSHwKyJz3eAdUcHu8hqbeDwAnimbfFgRstDN6N3Zc1zZpu+bEXWK5I2BgAtSAgjc+Ve8iJNCMPMNj7vpu+Q7TSe1WyWlehq/s/AepgN3zK5zxQP+vOUW4Qpn3UmSEe3Qexm/lNvvmtmOHUlmtreotJUr2AIaDpWM3b5ohleH36qaa7thb root@ubuntu-xenial
-----END SSH HOST KEY KEYS-----
[   27.968192] cloud-init[1568]: Cloud-init v. 21.1-19-gbad84ad4-0ubuntu1~16.04.2 running 'modules:final' at Tue, 20 Feb 2024 04:50:26 +0000. Up 27.51 seconds.
[   28.031591] cloud-init[1568]: ci-info: no authorized SSH keys fingerprints found for user ubuntu.
[   28.066616] cloud-init[1568]: Cloud-init v. 21.1-19-gbad84ad4-0ubuntu1~16.04.2 finished at Tue, 20 Feb 2024 04:50:27 +0000. Datasource DataSourceNoCloud [seed=/dev/sdb][dsmode=net].  Up 27.94 seconds
