[    0.000000] Initializing cgroup subsys cpuset
[    0.000000] Initializing cgroup subsys cpu
[    0.000000] Initializing cgroup subsys cpuacct
[    0.000000] Linux version 4.4.0-210-generic (buildd@lgw01-amd64-009) (gcc version 5.4.0 20160609 (Ubuntu 5.4.0-6ubuntu1~16.04.12) ) #242-Ubuntu SMP Fri Apr 16 09:57:56 UTC 2021 (Ubuntu 4.4.0-210.242-generic 4.4.262)
[    0.000000] Command line: BOOT_IMAGE=/boot/vmlinuz-4.4.0-210-generic root=LABEL=cloudimg-rootfs ro console=tty1 console=ttyS0
[    0.000000] KERNEL supported cpus:
[    0.000000]   Intel GenuineIntel
[    0.000000]   AMD AuthenticAMD
[    0.000000]   Centaur CentaurHauls
[    0.000000] x86/fpu: Legacy x87 FPU detected.
[    0.000000] e820: BIOS-provided physical RAM map:
[    0.000000] BIOS-e820: [mem 0x0000000000000000-0x000000000009fbff] usable
[    0.000000] BIOS-e820: [mem 0x000000000009fc00-0x000000000009ffff] reserved
[    0.000000] BIOS-e820: [mem 0x00000000000f0000-0x00000000000fffff] reserved
[    0.000000] BIOS-e820: [mem 0x0000000000100000-0x000000003ffeffff] usable
[    0.000000] BIOS-e820: [mem 0x000000003fff0000-0x000000003fffffff] ACPI data
[    0.000000] BIOS-e820: [mem 0x00000000fec00000-0x00000000fec00fff] reserved
[    0.000000] BIOS-e820: [mem 0x00000000fee00000-0x00000000fee00fff] reserved
[    0.000000] BIOS-e820: [mem 0x00000000fffc0000-0x00000000ffffffff] reserved
[    0.000000] NX (Execute Disable) protection: active
[    0.000000] SMBIOS 2.5 present.
[    0.000000] Hypervisor detected: KVM
[    0.000000] Kernel/User page tables isolation: disabled
[    0.000000] e820: last_pfn = 0x3fff0 max_arch_pfn = 0x400000000
[    0.000000] MTRR: Disabled
[    0.000000] x86/PAT: MTRRs disabled, skipping PAT initialization too.
[    0.000000] CPU MTRRs all blank - virtualized system.
[    0.000000] x86/PAT: Configuration [0-7]: WB  WT  UC- UC  WB  WT  UC- UC  
[    0.000000] found SMP MP-table at [mem 0x0009fff0-0x0009ffff] mapped at [ffff88000009fff0]
[    0.000000] Scanning 1 areas for low memory corruption
[    0.000000] RAMDISK: [mem 0x362dc000-0x37165fff]
[    0.000000] ACPI: Early table checksum verification disabled
[    0.000000] ACPI: RSDP 0x00000000000E0000 000024 (v02 VBOX  )
[    0.000000] ACPI: XSDT 0x000000003FFF0030 00003C (v01 VBOX   VBOXXSDT 00000001 ASL  00000061)
[    0.000000] ACPI: FACP 0x000000003FFF00F0 0000F4 (v04 VBOX   VBOXFACP 00000001 ASL  00000061)
[    0.000000] ACPI: DSDT 0x000000003FFF0610 002353 (v02 VBOX   VBOXBIOS 00000002 INTL 20100528)
[    0.000000] ACPI: FACS 0x000000003FFF0200 000040
[    0.000000] ACPI: FACS 0x000000003FFF0200 000040
[    0.000000] ACPI: APIC 0x000000003FFF0240 000054 (v02 VBOX   VBOXAPIC 00000001 ASL  00000061)
[    0.000000] ACPI: SSDT 0x000000003FFF02A0 00036C (v01 VBOX   VBOXCPUT 00000002 INTL 20100528)
[    0.000000] No NUMA configuration found
[    0.000000] Faking a node at [mem 0x0000000000000000-0x000000003ffeffff]
[    0.000000] NODE_DATA(0) allocated [mem 0x3ffeb000-0x3ffeffff]
[    0.000000] kvm-clock: Using msrs 4b564d01 and 4b564d00
[    0.000000] kvm-clock: cpu 0, msr 0:3ffe3001, primary cpu clock
[    0.000000] kvm-clock: using sched offset of 3729974307 cycles
[    0.000000] clocksource: kvm-clock: mask: 0xffffffffffffffff max_cycles: 0x1cd42e4dffb, max_idle_ns: 881590591483 ns
[    0.000000] Zone ranges:
[    0.000000]   DMA      [mem 0x0000000000001000-0x0000000000ffffff]
[    0.000000]   DMA32    [mem 0x0000000001000000-0x000000003ffeffff]
[    0.000000]   Normal   empty
[    0.000000]   Device   empty
[    0.000000] Movable zone start for each node
[    0.000000] Early memory node ranges
[    0.000000]   node   0: [mem 0x0000000000001000-0x000000000009efff]
[    0.000000]   node   0: [mem 0x0000000000100000-0x000000003ffeffff]
[    0.000000] Initmem setup node 0 [mem 0x0000000000001000-0x000000003ffeffff]
[    0.000000] ACPI: PM-Timer IO Port: 0x4008
[    0.000000] IOAPIC[0]: apic_id 1, version 32, address 0xfec00000, GSI 0-23
[    0.000000] ACPI: INT_SRC_OVR (bus 0 bus_irq 0 global_irq 2 dfl dfl)
[    0.000000] ACPI: INT_SRC_OVR (bus 0 bus_irq 9 global_irq 9 low level)
[    0.000000] Using ACPI (MADT) for SMP configuration information
[    0.000000] smpboot: Allowing 1 CPUs, 0 hotplug CPUs
[    0.000000] PM: Registered nosave memory: [mem 0x00000000-0x00000fff]
[    0.000000] PM: Registered nosave memory: [mem 0x0009f000-0x0009ffff]
[    0.000000] PM: Registered nosave memory: [mem 0x000a0000-0x000effff]
[    0.000000] PM: Registered nosave memory: [mem 0x000f0000-0x000fffff]
[    0.000000] e820: [mem 0x40000000-0xfebfffff] available for PCI devices
[    0.000000] Booting paravirtualized kernel on KVM
[    0.000000] clocksource: refined-jiffies: mask: 0xffffffff max_cycles: 0xffffffff, max_idle_ns: 7645519600211568 ns
[    0.000000] setup_percpu: NR_CPUS:512 nr_cpumask_bits:512 nr_cpu_ids:1 nr_node_ids:1
[    0.000000] PERCPU: Embedded 33 pages/cpu @ffff88003fc00000 s95192 r8192 d31784 u2097152
[    0.000000] Built 1 zonelists in Node order, mobility grouping on.  Total pages: 257912
[    0.000000] Policy zone: DMA32
[    0.000000] Kernel command line: BOOT_IMAGE=/boot/vmlinuz-4.4.0-210-generic root=LABEL=cloudimg-rootfs ro console=tty1 console=ttyS0
[    0.000000] PID hash table entries: 4096 (order: 3, 32768 bytes)
[    0.000000] Memory: 997924K/1048120K available (8644K kernel code, 1332K rwdata, 4044K rodata, 1492K init, 1164K bss, 50196K reserved, 0K cma-reserved)
[    0.000000] SLUB: HWalign=64, Order=0-3, MinObjects=0, CPUs=1, Nodes=1
[    0.000000] Hierarchical RCU implementation.
[    0.000000] 	Build-time adjustment of leaf fanout to 64.
[    0.000000] 	RCU restricting CPUs from NR_CPUS=512 to nr_cpu_ids=1.
[    0.000000] RCU: Adjusting geometry for rcu_fanout_leaf=64, nr_cpu_ids=1
[    0.000000] NR_IRQS:33024 nr_irqs:256 16
[    0.000000] Console: colour VGA+ 80x25
[    0.000000] console [tty1] enabled
[    0.000000] console [ttyS0] enabled
[    0.000000] tsc: Detected 2419.210 MHz processor
[    0.630404] Calibrating delay loop (skipped) preset value.. 4838.42 BogoMIPS (lpj=9676840)
[    0.639694] pid_max: default: 32768 minimum: 301
[    0.647179] ACPI: Core revision 20150930
[    0.654341] ACPI: 2 ACPI AML tables successfully acquired and loaded
[    0.668639] Security Framework initialized
[    0.672751] Yama: becoming mindful.
[    0.676124] AppArmor: AppArmor initialized
[    0.685103] Dentry cache hash table entries: 131072 (order: 8, 1048576 bytes)
[    0.697135] Inode-cache hash table entries: 65536 (order: 7, 524288 bytes)
[    0.712269] Mount-cache hash table entries: 2048 (order: 2, 16384 bytes)
[    0.728019] Mountpoint-cache hash table entries: 2048 (order: 2, 16384 bytes)
[    0.739472] Initializing cgroup subsys io
[    0.745912] Initializing cgroup subsys memory
[    0.750447] Initializing cgroup subsys devices
[    0.758494] Initializing cgroup subsys freezer
[    0.764942] Initializing cgroup subsys net_cls
[    0.769130] Initializing cgroup subsys perf_event
[    0.773762] Initializing cgroup subsys net_prio
[    0.782027] Initializing cgroup subsys hugetlb
[    0.786098] Initializing cgroup subsys pids
[    0.797527] mce: CPU supports 0 MCE banks
[    0.805274] Last level iTLB entries: 4KB 0, 2MB 0, 4MB 0
[    0.811341] Last level dTLB entries: 4KB 0, 2MB 0, 4MB 0, 1GB 0
[    0.819873] Spectre V1 : Mitigation: usercopy/swapgs barriers and __user pointer sanitization
[    0.833783] Spectre V2 : Mitigation: Enhanced IBRS
[    0.838211] Spectre V2 : Spectre v2 / SpectreRSB mitigation: Filling RSB on context switch
[    0.849799] Speculative Store Bypass: Vulnerable
[    1.152568] Freeing SMP alternatives memory: 36K
[    1.283566] ftrace: allocating 32380 entries in 127 pages
[    2.215204] smpboot: APIC(0) Converting physical 0 to logical package 0
[    2.224085] smpboot: Max logical packages: 1
[    2.244174] ..TIMER: vector=0x30 apic1=0 pin1=2 apic2=-1 pin2=-1
[    2.358128] smpboot: CPU0: 11th Gen Intel(R) Core(TM) i5-1135G7 @ 2.40GHz (family: 0x6, model: 0x8c, stepping: 0x1)
[    2.373279] Performance Events: unsupported p6 CPU model 140 no PMU driver, software events only.
[    2.512268] KVM setup paravirtual spinlock
[    2.517987] x86: Booted up 1 node, 1 CPUs
[    2.522993] smpboot: Total of 1 processors activated (4838.42 BogoMIPS)
[    2.532443] devtmpfs: initialized
[    2.537248] evm: security.selinux
[    2.540319] evm: security.SMACK64
[    2.543378] evm: security.SMACK64EXEC
[    2.546604] evm: security.SMACK64TRANSMUTE
[    2.550651] evm: security.SMACK64MMAP
[    2.553956] evm: security.ima
[    2.556500] evm: security.capability
[    2.560253] clocksource: jiffies: mask: 0xffffffff max_cycles: 0xffffffff, max_idle_ns: 7645041785100000 ns
[    2.568595] futex hash table entries: 256 (order: 2, 16384 bytes)
[    2.574171] pinctrl core: initialized pinctrl subsystem
[    2.580626] RTC time: 18:18:30, date: 02/25/24
[    2.584898] NET: Registered protocol family 16
[    2.589083] cpuidle: using governor ladder
[    2.593682] cpuidle: using governor menu
[    2.597702] PCCT header not found.
[    2.601963] ACPI: bus type PCI registered
[    2.606454] acpiphp: ACPI Hot Plug PCI Controller Driver version: 0.5
[    2.613589] PCI: Using configuration type 1 for base access
[    2.621148] ACPI: Added _OSI(Module Device)
[    2.625044] ACPI: Added _OSI(Processor Device)
[    2.631075] ACPI: Added _OSI(3.0 _SCP Extensions)
[    2.635041] ACPI: Added _OSI(Processor Aggregator Device)
[    2.640724] ACPI: Executed 1 blocks of module-level executable AML code
[    2.652789] ACPI: Interpreter enabled
[    2.656008] ACPI: (supports S0 S5)
[    2.659142] ACPI: Using IOAPIC for interrupt routing
[    2.667093] PCI: Using host bridge windows from ACPI; if necessary, use "pci=nocrs" and report a bug
[    2.684799] ACPI: PCI Root Bridge [PCI0] (domain 0000 [bus 00-ff])
[    2.690018] acpi PNP0A03:00: _OSC: OS supports [ASPM ClockPM Segments MSI]
[    2.699540] acpi PNP0A03:00: _OSC: not requesting OS control; OS requires [ExtendedConfig ASPM ClockPM MSI]
[    2.707483] acpi PNP0A03:00: fail to add MMCONFIG information, can't access extended PCI configuration space under this bridge.
[    2.720569] PCI host bridge to bus 0000:00
[    2.724275] pci_bus 0000:00: root bus resource [io  0x0000-0x0cf7 window]
[    2.732305] pci_bus 0000:00: root bus resource [io  0x0d00-0xffff window]
[    2.738135] pci_bus 0000:00: root bus resource [mem 0x000a0000-0x000bffff window]
[    2.744929] pci_bus 0000:00: root bus resource [mem 0x40000000-0xfdffffff window]
[    2.752496] pci_bus 0000:00: root bus resource [bus 00-ff]
[    2.763874] pci 0000:00:01.1: legacy IDE quirk: reg 0x10: [io  0x01f0-0x01f7]
[    2.771125] pci 0000:00:01.1: legacy IDE quirk: reg 0x14: [io  0x03f6]
[    2.776807] pci 0000:00:01.1: legacy IDE quirk: reg 0x18: [io  0x0170-0x0177]
[    2.784006] pci 0000:00:01.1: legacy IDE quirk: reg 0x1c: [io  0x0376]
[    2.812087] pci 0000:00:07.0: quirk: [io  0x4000-0x403f] claimed by PIIX4 ACPI
[    2.820107] pci 0000:00:07.0: quirk: [io  0x4100-0x410f] claimed by PIIX4 SMB
[    2.838892] ACPI: PCI Interrupt Link [LNKA] (IRQs 5 9 10 *11)
[    2.852329] ACPI: PCI Interrupt Link [LNKB] (IRQs 5 9 *10 11)
[    2.861332] ACPI: PCI Interrupt Link [LNKC] (IRQs 5 *9 10 11)
[    2.869000] ACPI: PCI Interrupt Link [LNKD] (IRQs 5 9 10 *11)
[    2.876583] ACPI: Enabled 2 GPEs in block 00 to 07
[    2.882681] vgaarb: setting as boot device: PCI:0000:00:02.0
[    2.887596] vgaarb: device added: PCI:0000:00:02.0,decodes=io+mem,owns=io+mem,locks=none
[    2.914663] vgaarb: loaded
[    2.917257] vgaarb: bridge control possible 0000:00:02.0
[    2.922045] SCSI subsystem initialized
[    2.925724] ACPI: bus type USB registered
[    2.930864] usbcore: registered new interface driver usbfs
[    2.935899] usbcore: registered new interface driver hub
[    2.940519] usbcore: registered new device driver usb
[    2.946352] PCI: Using ACPI for IRQ routing
[    2.953524] NetLabel: Initializing
[    2.957364] NetLabel:  domain hash size = 128
[    2.963247] NetLabel:  protocols = UNLABELED CIPSOv4
[    2.969274] NetLabel:  unlabeled traffic allowed by default
[    2.974287] amd_nb: Cannot enumerate AMD northbridges
[    2.979255] clocksource: Switched to clocksource kvm-clock
[    3.012725] AppArmor: AppArmor Filesystem Enabled
[    3.017036] pnp: PnP ACPI init
[    3.021728] pnp: PnP ACPI: found 3 devices
[    3.033430] clocksource: acpi_pm: mask: 0xffffff max_cycles: 0xffffff, max_idle_ns: 2085701024 ns
[    3.040911] NET: Registered protocol family 2
[    3.046157] TCP established hash table entries: 8192 (order: 4, 65536 bytes)
[    3.052891] TCP bind hash table entries: 8192 (order: 5, 131072 bytes)
[    3.058650] TCP: Hash tables configured (established 8192 bind 8192)
[    3.065596] UDP hash table entries: 512 (order: 2, 16384 bytes)
[    3.070712] UDP-Lite hash table entries: 512 (order: 2, 16384 bytes)
[    3.080160] NET: Registered protocol family 1
[    3.084206] pci 0000:00:00.0: Limiting direct PCI/PCI transfers
[    3.089169] pci 0000:00:01.0: Activating ISA DMA hang workarounds
[    3.096112] Unpacking initramfs...
[    3.537704] Freeing initrd memory: 14888K
[    3.543583] clocksource: tsc: mask: 0xffffffffffffffff max_cycles: 0x22df1a7d9cc, max_idle_ns: 440795302495 ns
[    3.552230] platform rtc_cmos: registered platform RTC device (no PNP device found)
[    3.558729] Scanning for low memory corruption every 60 seconds
[    3.565135] audit: initializing netlink subsys (disabled)
[    3.569944] audit: type=2000 audit(1708885114.605:1): initialized
[    3.575408] Initialise system trusted keyring
[    3.580321] HugeTLB registered 2 MB page size, pre-allocated 0 pages
[    3.588643] zbud: loaded
[    3.591447] VFS: Disk quotas dquot_6.6.0
[    3.595625] VFS: Dquot-cache hash table entries: 512 (order 0, 4096 bytes)
[    3.601683] squashfs: version 4.0 (2009/01/31) Phillip Lougher
[    3.607324] fuse init (API version 7.23)
[    3.612330] Key type big_key registered
[    3.615725] Allocating IMA MOK and blacklist keyrings.
[    3.621360] Key type asymmetric registered
[    3.625318] Asymmetric key parser 'x509' registered
[    3.632137] Block layer SCSI generic (bsg) driver version 0.4 loaded (major 249)
[    3.638468] io scheduler noop registered
[    3.641886] io scheduler deadline registered (default)
[    3.647926] io scheduler cfq registered
[    3.651557] pci_hotplug: PCI Hot Plug PCI Core version: 0.5
[    3.656166] pciehp: PCI Express Hot Plug Controller Driver version: 0.4
[    3.663200] ACPI: AC Adapter [AC] (on-line)
[    3.667333] input: Power Button as /devices/LNXSYSTM:00/LNXPWRBN:00/input/input0
[    3.674014] ACPI: Power Button [PWRF]
[    3.678444] input: Sleep Button as /devices/LNXSYSTM:00/LNXSLPBN:00/input/input1
[    3.684509] ACPI: Sleep Button [SLPF]
[    3.689771] ACPI: Battery Slot [BAT0] (battery present)
[    3.694728] GHES: HEST is not enabled!
[    3.698552] Serial: 8250/16550 driver, 32 ports, IRQ sharing enabled
[    3.735507] 00:02: ttyS0 at I/O 0x3f8 (irq = 4, base_baud = 115200) is a 16550A
[    3.745121] Linux agpgart interface v0.103
[    3.754059] loop: module loaded
[    3.758817] scsi host0: ata_piix
[    3.765110] scsi host1: ata_piix
[    3.768326] ata1: PATA max UDMA/33 cmd 0x1f0 ctl 0x3f6 bmdma 0xd000 irq 14
[    3.774465] ata2: PATA max UDMA/33 cmd 0x170 ctl 0x376 bmdma 0xd008 irq 15
[    3.782540] libphy: Fixed MDIO Bus: probed
[    3.786456] tun: Universal TUN/TAP device driver, 1.6
[    3.790943] tun: (C) 1999-2004 Max Krasnyansky <maxk@qualcomm.com>
[    3.797309] PPP generic driver version 2.4.2
[    3.801179] ehci_hcd: USB 2.0 'Enhanced' Host Controller (EHCI) Driver
[    3.807348] ehci-pci: EHCI PCI platform driver
[    3.813383] ehci-platform: EHCI generic platform driver
[    3.817792] ohci_hcd: USB 1.1 'Open' Host Controller (OHCI) Driver
[    3.822984] ohci-pci: OHCI PCI platform driver
[    3.831860] ohci-platform: OHCI generic platform driver
[    3.836466] uhci_hcd: USB Universal Host Controller Interface driver
[    3.841867] i8042: PNP: PS/2 Controller [PNP0303:PS2K,PNP0f03:PS2M] at 0x60,0x64 irq 1,12
[    3.854697] serio: i8042 KBD port at 0x60,0x64 irq 1
[    3.860385] serio: i8042 AUX port at 0x60,0x64 irq 12
[    3.865657] mousedev: PS/2 mouse device common for all mice
[    3.871925] input: AT Translated Set 2 keyboard as /devices/platform/i8042/serio0/input/input2
[    3.881665] rtc_cmos rtc_cmos: rtc core: registered rtc_cmos as rtc0
[    3.887556] rtc_cmos rtc_cmos: alarms up to one day, 114 bytes nvram
[    3.897139] i2c /dev entries driver
[    3.900802] device-mapper: uevent: version 1.0.3
[    3.904729] device-mapper: ioctl: 4.34.0-ioctl (2015-10-28) initialised: dm-devel@redhat.com
[    3.912858] ledtrig-cpu: registered to indicate activity on CPUs
[    3.918674] NET: Registered protocol family 10
[    3.922769] NET: Registered protocol family 17
[    3.926986] Key type dns_resolver registered
[    3.931458] registered taskstats version 1
[    3.991693] Loading compiled-in X.509 certificates
[    3.997079] Loaded X.509 cert 'Build time autogenerated kernel key: cf00e047681d67edb2720680708b7d9498083038'
[    4.005903] zswap: loaded using pool lzo/zbud
[    4.014933] Key type trusted registered
[    4.024053] Key type encrypted registered
[    4.032095] AppArmor: AppArmor sha1 policy hashing enabled
[    4.037283] ima: No TPM chip found, activating TPM-bypass!
[    4.042760] ima: Allocated hash algorithm: sha1
[    4.049378] evm: HMAC attrs: 0x1
[    4.053225]   Magic number: 12:36:343
[    4.056511] tty tty60: hash matches
[    4.061907] rtc_cmos rtc_cmos: setting system clock to 2024-02-25 18:18:31 UTC (1708885111)
[    4.070439] BIOS EDD facility v0.16 2004-Jun-25, 0 devices found
[    4.075964] EDD information not available.
[    4.083929] Freeing unused kernel memory: 1492K
[    4.088053] Write protecting the kernel read-only data: 14336k
[    4.093683] Freeing unused kernel memory: 1584K
[    4.097724] Freeing unused kernel memory: 52K
Loading, please wait...
starting version 229
[    4.122976] random: udevadm: uninitialized urandom read (16 bytes read, 7 bits of entropy available)
[    4.132192] random: systemd-udevd: uninitialized urandom read (16 bytes read, 7 bits of entropy available)
[    4.140990] random: systemd-udevd: uninitialized urandom read (16 bytes read, 7 bits of entropy available)
[    4.150174] random: udevadm: uninitialized urandom read (16 bytes read, 7 bits of entropy available)
[    4.158627] random: systemd-udevd: uninitialized urandom read (16 bytes read, 7 bits of entropy available)
[    4.177315] random: systemd-udevd: uninitialized urandom read (16 bytes read, 7 bits of entropy available)
[    4.189828] random: udevadm: uninitialized urandom read (16 bytes read, 7 bits of entropy available)
[    4.199199] random: systemd-udevd: uninitialized urandom read (16 bytes read, 7 bits of entropy available)
[    4.207999] random: udevadm: uninitialized urandom read (16 bytes read, 7 bits of entropy available)
[    4.216277] random: systemd-udevd: uninitialized urandom read (16 bytes read, 7 bits of entropy available)
[    4.360945] Fusion MPT base driver 3.04.20
[    4.365290] Copyright (c) 1999-2008 LSI Corporation
[    4.415642] e1000: Intel(R) PRO/1000 Network Driver - version 7.3.21-k8-NAPI
[    4.421797] e1000: Copyright (c) 1999-2006 Intel Corporation.
[    4.462458] SSE version of gcm_enc/dec engaged.
[    4.484257] Fusion MPT SPI Host driver 3.04.20
[    4.489664] mptbase: ioc0: Initiating bringup
[    4.570029] ioc0: LSI53C1030 A0: Capabilities={Initiator}
[    4.666827] input: ImExPS/2 Generic Explorer Mouse as /devices/platform/i8042/serio1/input/input4
[    4.751912] scsi host2: ioc0: LSI53C1030 A0, FwRev=00000000h, Ports=1, MaxQ=256, IRQ=20
[    4.875160] scsi 2:0:0:0: Direct-Access     VBOX     HARDDISK         1.0  PQ: 0 ANSI: 5
[    4.884770] scsi target2:0:0: Beginning Domain Validation
[    4.895055] scsi target2:0:0: Domain Validation skipping write tests
[    4.901614] scsi target2:0:0: Ending Domain Validation
[    4.915907] scsi target2:0:0: asynchronous
[    4.958855] scsi 2:0:1:0: Direct-Access     VBOX     HARDDISK         1.0  PQ: 0 ANSI: 5
[    4.991898] scsi target2:0:1: Beginning Domain Validation
[    5.033350] scsi target2:0:1: Domain Validation skipping write tests
[    5.041552] scsi target2:0:1: Ending Domain Validation
[    5.065905] scsi target2:0:1: asynchronous
[    5.222802] sd 2:0:0:0: [sda] 83886080 512-byte logical blocks: (42.9 GB/40.0 GiB)
[    5.231401] sd 2:0:0:0: Attached scsi generic sg0 type 0
[    5.248857] sd 2:0:1:0: [sdb] 20480 512-byte logical blocks: (10.5 MB/10.0 MiB)
[    5.255450] sd 2:0:1:0: Attached scsi generic sg1 type 0
[    5.262449] sd 2:0:1:0: [sdb] Write Protect is off
[    5.267049] sd 2:0:0:0: [sda] Write Protect is off
[    5.272353] sd 2:0:1:0: [sdb] Incomplete mode parameter data
[    5.277740] sd 2:0:1:0: [sdb] Assuming drive cache: write through
[    5.283213] sd 2:0:0:0: [sda] Incomplete mode parameter data
[    5.289497] sd 2:0:0:0: [sda] Assuming drive cache: write through
[    5.329826] sd 2:0:1:0: [sdb] Attached SCSI disk
[    5.333865]  sda: sda1
[    5.351596] sd 2:0:0:0: [sda] Attached SCSI disk
[    5.842070] e1000 0000:00:03.0 eth0: (PCI:33MHz:32-bit) 02:be:82:6b:cc:1d
[    5.849156] e1000 0000:00:03.0 eth0: Intel(R) PRO/1000 Network Connection
[    6.641063] e1000 0000:00:08.0 eth1: (PCI:33MHz:32-bit) 08:00:27:29:5f:ac
[    6.646989] e1000 0000:00:08.0 eth1: Intel(R) PRO/1000 Network Connection
[    6.654217] e1000 0000:00:03.0 enp0s3: renamed from eth0
[    6.661570] e1000 0000:00:08.0 enp0s8: renamed from eth1
Begin: Loading essential drivers ... [    8.455997] md: linear personality registered for level -1
[    8.468119] md: multipath personality registered for level -4
[    8.481730] md: raid0 personality registered for level 0
[    8.502176] md: raid1 personality registered for level 1
[    8.587315] raid6: sse2x1   gen()  6667 MB/s
[    8.659382] raid6: sse2x1   xor()  5461 MB/s
[    8.751363] raid6: sse2x2   gen() 10015 MB/s
[    8.844491] raid6: sse2x2   xor()  5664 MB/s
[    8.919337] raid6: sse2x4   gen()  8243 MB/s
[    8.991407] raid6: sse2x4   xor()  4222 MB/s
[    8.995488] raid6: using algorithm sse2x2 gen() 10015 MB/s
[    9.003751] raid6: .... xor() 5664 MB/s, rmw enabled
[    9.008277] raid6: using ssse3x2 recovery algorithm
[    9.019677] xor: measuring software checksum speed
[    9.124071]    prefetch64-sse: 36648.000 MB/sec
[    9.229226]    generic_sse: 34348.000 MB/sec
[    9.233080] xor: using function: prefetch64-sse (36648.000 MB/sec)
[    9.241106] async_tx: api initialized (async)
[    9.299161] md: raid6 personality registered for level 6
[    9.304285] md: raid5 personality registered for level 5
[    9.310186] md: raid4 personality registered for level 4
[    9.333392] md: raid10 personality registered for level 10
done.
Begin: Running /scripts/init-premount ... done.
Begin: Mounting root file system ... Begin: Running /scripts/local-top ... done.
Begin: Running /scripts/local-premount ... [    9.460532] Btrfs loaded
Scanning for Btrfs filesystems
done.
Warning: fsck not present, so skipping root file system
[    9.531849] EXT4-fs (sda1): mounted filesystem with ordered data mode. Opts: (null)
done.
Begin: Running /scripts/local-bottom ... done.
Begin: Running /scripts/init-bottom ... done.
[    9.722227] systemd[1]: systemd 229 running in system mode. (+PAM +AUDIT +SELINUX +IMA +APPARMOR +SMACK +SYSVINIT +UTMP +LIBCRYPTSETUP +GCRYPT +GNUTLS +ACL +XZ -LZ4 +SECCOMP +BLKID +ELFUTILS +KMOD -IDN)
[    9.738134] systemd[1]: Detected virtualization oracle.
[    9.743491] systemd[1]: Detected architecture x86-64.

Welcome to [1mUbuntu 16.04.7 LTS[0m!

[    9.760900] systemd[1]: Set hostname to <ubuntu>.
[    9.775010] systemd[1]: Initializing machine ID from random generator.
[    9.781026] systemd[1]: Installed transient /etc/machine-id file.
[   10.090502] systemd[1]: Reached target Encrypted Volumes.
[[0;32m  OK  [0m] Reached target Encrypted Volumes.
[   10.102306] systemd[1]: Listening on LVM2 poll daemon socket.
[[0;32m  OK  [0m] Listening on LVM2 poll daemon socket.
[   10.114162] systemd[1]: Listening on udev Kernel Socket.
[[0;32m  OK  [0m] Listening on udev Kernel Socket.
[   10.124565] systemd[1]: Reached target Swap.
[[0;32m  OK  [0m] Reached target Swap.
[   10.135293] systemd[1]: Reached target User and Group Name Lookups.
[[   10.142562] random: nonblocking pool is initialized
[0;32m  OK  [0m] Reached target User and Group Name Lookups.
[   10.152223] systemd[1]: Listening on Journal Socket.
[[0;32m  OK  [0m] Listening on Journal Socket.
[   10.162600] systemd[1]: Reached target System Time Synchronized.
[[0;32m  OK  [0m] Reached target System Time Synchronized.
[   10.174638] systemd[1]: Set up automount Arbitrary Executable File Formats File System Automount Point.
[[0;32m  OK  [0m] Set up automount Arbitrary Executab...ats File System Automount Point.
[   10.190589] systemd[1]: Created slice User and Session Slice.
[[0;32m  OK  [0m] Created slice User and Session Slice.
[   10.202006] systemd[1]: Listening on LVM2 metadata daemon socket.
[[0;32m  OK  [0m] Listening on LVM2 metadata daemon socket.
[   10.213558] systemd[1]: Started Trigger resolvconf update for networkd DNS.
[[0;32m  OK  [0m] Started Trigger resolvconf update for networkd DNS.
[   10.226310] systemd[1]: Listening on Syslog Socket.
[[0;32m  OK  [0m] Listening on Syslog Socket.
[   10.236318] systemd[1]: Listening on fsck to fsckd communication Socket.
[[0;32m  OK  [0m] Listening on fsck to fsckd communication Socket.
[   10.248226] systemd[1]: Listening on Device-mapper event daemon FIFOs.
[[0;32m  OK  [0m] Listening on Device-mapper event daemon FIFOs.
[   10.261064] systemd[1]: Started Forward Password Requests to Wall Directory Watch.
[[0;32m  OK  [0m] Started Forward Password Requests to Wall Directory Watch.
[   10.274097] systemd[1]: Listening on /dev/initctl Compatibility Named Pipe.
[[0;32m  OK  [0m] Listening on /dev/initctl Compatibility Named Pipe.
[   10.288553] systemd[1]: Created slice System Slice.
[[0;32m  OK  [0m] Created slice System Slice.
[   10.302897] systemd[1]: Starting Load Kernel Modules...
         Starting Load Kernel Modules...
[   10.326950] systemd[1]: Starting Monitoring of LVM2 mirrors, snapshots etc. using dmeventd or progress polling...
         Starting Monitoring of LVM2 mirrors... dmeventd or progress polling...
[   10.361241] systemd[1]: Starting Uncomplicated firewall...
[   10.367031] Loading iSCSI transport class v2.0-870.
         Starting Uncomplicated firewall...
[   10.385936] systemd[1]: Starting File System Check on Root Device...
         Starting File System Check on Root Device...
[   10.412164] systemd[1]: Created slice system-serial\x2dgetty.slice.
[   10.426511] iscsi: registered transport (tcp)
[[0;32m  OK  [0m] Created slice system-serial\x2dgetty.slice.
[   10.437867] systemd[1]: Mounting POSIX Message Queue File System...
         Mounting POSIX Message Queue File System...
[   10.460416] systemd[1]: Mounting Debug File System...
         Mounting Debug File System...
[   10.491164] systemd[1]: Mounting Huge Pages File System...
         Mounting Huge Pages File System...
[   10.524415] systemd[1]: Reached target Slices.
[[0;32m  OK  [0m] Reached target Slices.
[   10.539845] systemd[1]: Starting Create list of required static device nodes for the current kernel...
         Starting Create list of required st... nodes for the current kernel...
[   10.570838] systemd[1]: Listening on Journal Audit Socket.
[[0;32m  OK  [0m] Listening on Journal Audit Socket.
[   10.593197] iscsi: registered transport (iser)
[   10.597725] systemd[1]: Starting Nameserver information manager...
         Starting Nameserver information manager...
[   10.614702] systemd[1]: Listening on Journal Socket (/dev/log).
[[0;32m  OK  [0m] Listening on Journal Socket (/dev/log).
[   10.626924] systemd[1]: Starting Journal Service...
         Starting Journal Service...
[   10.646319] systemd[1]: Listening on udev Control Socket.
[[0;32m  OK  [0m] Listening on udev Control Socket.
[   10.669190] systemd[1]: Starting Set console keymap...
         Starting Set console keymap...
[   10.706125] systemd[1]: Mounted Huge Pages File System.
[[0;32m  OK  [0m] Mounted Huge Pages File System.
[   10.762268] systemd[1]: Mounted POSIX Message Queue File System.
[[0;32m  OK  [0m] Mounted POSIX Message Queue File System.
[   10.783327] systemd[1]: Mounted Debug File System.
[[0;32m  OK  [0m] Mounted Debug File System.
[   10.793868] systemd[1]: Started Journal Service.
[[0;32m  OK  [0m] Started Journal Service.
[[0;32m  OK  [0m] Started Load Kernel Modules.
[[0;32m  OK  [0m] Started Uncomplicated firewall.
[[0;32m  OK  [0m] Started File System Check on Root Device.
[[0;32m  OK  [0m] Started Create list of required sta...ce nodes for the current kernel.
[[0;32m  OK  [0m] Started Set console keymap.
[[0;32m  OK  [0m] Started Nameserver information manager.
[[0;32m  OK  [0m] Started LVM2 metadata daemon.
[[0;32m  OK  [0m] Started File System Check Daemon to report status.
         Starting Create Static Device Nodes in /dev...
         Starting Remount Root and Kernel File Systems...
[   10.948716] EXT4-fs (sda1): re-mounted. Opts: (null)
         Starting Apply Kernel Variables...
         Mounting FUSE Control File System...
[[0;32m  OK  [0m] Mounted FUSE Control File System.
[[0;32m  OK  [0m] Started Create Static Device Nodes in /dev.
[[0;32m  OK  [0m] Started Remount Root and Kernel File Systems.
[[0;32m  OK  [0m] Started Apply Kernel Variables.
         Starting Load/Save Random Seed...
         Starting udev Coldplug all Devices...
         Starting Flush Journal to Persistent Storage...
         Starting udev Kernel Device Manager...
[[0;32m  OK  [0m] Started Load/Save Random Seed.
[[0;32m  OK  [0m] Started Flush Journal to Persistent Storage.
[[0;32m  OK  [0m] Started udev Kernel Device Manager.
[[0;32m  OK  [0m] Started udev Coldplug all Devices.
[[0;32m  OK  [0m] Started Dispatch Password Requests to Console Directory Watch.
[[0;32m  OK  [0m] Started Monitoring of LVM2 mirrors,...ng dmeventd or progress polling.
[[0;32m  OK  [0m] Reached target Local File Systems (Pre).
[[0;32m  OK  [0m] Reached target Local File Systems.
         Starting Initial cloud-init job (pre-networking)...
         Starting Tell Plymouth To Write Out Runtime Data...
         Starting LSB: AppArmor initialization...
         Starting Create Volatile Files and Directories...
         Starting Commit a transient machine-id on disk...
         Starting Set console font and keymap...
[[0;32m  OK  [0m] Started Tell Plymouth To Write Out Runtime Data.
[[0;32m  OK  [0m] Started Commit a transient machine-id on disk.
[[0;32m  OK  [0m] Started Create Volatile Files and Directories.
         Starting Update UTMP about System Boot/Shutdown...
[[0;32m  OK  [0m] Started Update UTMP about System Boot/Shutdown.
[[0;32m  OK  [0m] Found device /dev/ttyS0.
[[0;32m  OK  [0m] Listening on Load/Save RF Kill Switch Status /dev/rfkill Watch.
[[0;32m  OK  [0m] Started LSB: AppArmor initialization.
[   13.806184] cloud-init[492]: Cloud-init v. 21.1-19-gbad84ad4-0ubuntu1~16.04.2 running 'init-local' at Sun, 25 Feb 2024 18:18:42 +0000. Up 12.81 seconds.         Starting Load AppArmor profiles managed internally by snapd...
[[0;32m  OK  [0m] Started Initial cloud-init job (pre-networking).
[[0;32m  OK  [0m] Reached target Network (Pre).

         Starting Raise network interfaces...
[[0;32m  OK  [0m] Started Load AppArmor profiles managed internally by snapd.
[[0;32m  OK  [0m] Started Set console font and keymap.
[[0;32m  OK  [0m] Created slice system-getty.slice.
[[0;32m  OK  [0m] Started Raise network interfaces.
[[0;32m  OK  [0m] Reached target Network.
         Starting Initial cloud-init job (metadata service crawler)...
[   16.800801] cloud-init[970]: Cloud-init v. 21.1-19-gbad84ad4-0ubuntu1~16.04.2 running 'init' at Sun, 25 Feb 2024 18:18:45 +0000. Up 16.01 seconds.
[   16.838024] cloud-init[970]: ci-info: ++++++++++++++++++++++++++++++++++++++Net device info+++++++++++++++++++++++++++++++++++++++
[   16.864944] cloud-init[970]: ci-info: +--------+-------+----------------------------+---------------+--------+-------------------+
[   16.885837] cloud-init[970]: ci-info: | Device |   Up  |          Address           |      Mask     | Scope  |     Hw-Address    |
[   16.902355] cloud-init[970]: ci-info: +--------+-------+----------------------------+---------------+--------+-------------------+
[   16.916965] cloud-init[[0;32m  OK  [0m] Started Initial cloud-init job (metadata service crawler).[970]: ci-info: | enp0s3 |  True |         10.0.2.15          | 255.255.255.0 | global | 02:be:82:6b:cc:1d |
[[0;32m  OK  [0m] Reached target Network is Online.
         
[   16.941475] cloud-init[970]: ci-info: | enp0s3 |  True | fe80::be:82ff:fe6b:cc1d/64 |       .       |  link  | 02:be:82:6b:cc:1d |
[   16.942862] cloud-init[970]: ci-info: | enp0s8 | False |             .              |       .       |   .    | 08:00:27:29:5f:ac |
[   16.943905] cloud-init[970]: ci-info: |   lo   |  True |         127.0.0.1          |   255.0.0.0   |  host  |         .         |
[   16.943943] cloud-init[970]: ci-info: |   lo   |  True |          ::1/128           |       .       |  host  |         .         |
[   16.943974] cloud-init[970]: ci-info: +--------+-------+----------------------------+---------------+--------+-------------------+
[   16.944011] cloud-init[970]: ci-info: +++++++++++++++++++++++++++Route IPv4 info++++++++++++++++++++++++++++
[   16.944042] cloud-init[970]: ci-info: +-------+-------------+----------+---------------+-----------+-------+
[   16.944072] cloud-init[970]: ci-info: | Route | Destination | Gateway  |    Genmask    | Interface | Flags |
[   16.944102] cloud-init[970]: ci-info: +-------+-------------+----------+---------------+-----------+-------+
[   16.944143] cloud-init[970]: ci-info: |   0   |   0.0.0.0   | 10.0.2.2 |    0.0.0.0    |   enp0s3  |   UG  |
[   16.944172] cloud-init[970]: ci-info: |   1   |   10.0.2.0  | 0.0.0.0  | 255.255.255.0 |   enp0s3  |   U   |
[   16.944200] cloud-init[970]: ci-info: +-------+-------------+----------+---------------+-----------+-------+
[   16.944229] cloud-init[970]: ci-info: +++++++++++++++++++Route IPv6 info+++++++++++++++++++
[   16.944260] cloud-init[970]: ci-info: +-------+-------------+---------+-----------+-------+
[   16.944295] cloud-init[970]: ci-info: | Route | Destination | Gateway | Interface | Flags |
[   16.944325] cloud-init[970]: ci-info: +-------+-------------+---------+-----------+-------+
[   16.944354] cloud-init[970]: ci-info: |   0   |  fe80::/64  |    ::   |   enp0s3  |   U   |
[   16.944453] cloud-init[970]: ci-info: |   3   |   ff00::/8  |    ::   |   enp0s3  |   U   |
[   16.944486] cloud-init[970]: ci-info: +-------+-------------+---------+-----------+-------+
[   16.944516] cloud-init[970]: Generating public/private rsa key pair.
[   16.944546] cloud-init[970]: Your identification has been saved in /etc/ssh/ssh_host_rsa_key.
[   16.944575] cloud-init[970]: Your public key has been saved in /etc/ssh/ssh_host_rsa_key.pub.
[   16.944605] cloud-init[970]: The key fingerprint is:
[   16.944637] cloud-init[970]: SHA256:jVnbWvPLfdwxj0s+QFzRaphnu3PT3UDyJxDWbRpa2ow root@ubuntu-xenial
[   16.944665] cloud-init[970]: The key's randomart image is:
[   16.944735] cloud-init[970]: +---[RSA 2048]----+
[   16.944768] cloud-init[970]: |             ..+ |
[   16.944797] cloud-init[970]: |            o = +|
[   16.944828] cloud-init[970]: |          .o % = |
[   16.944857] cloud-init[970]: |         = oE X  |
[   16.944886] cloud-init[970]: |        S o.+O . |
Starting iSCSI initiator daemon (iscsid)...
[[0;32m  OK  [0m] Reached target System Initialization.
[[0;32m  OK  [0m] Started ACPI Events Check.
[   17.027746] [[0;32m  OK  [0mcloud-init[970]: |           o.o=o.|] Reached target Paths.

[[0;32m  OK  [0m] Started Daily Cleanup of Temporary Directories.
[   17.060541] cloud-init[970]: |          .  .oBO|
[   17.066903] cloud-init         Starting LXD - unix socket.
[[0;32m  OK  [0m[970]: |             +=+X|
[   17.079408] ] Listening on D-Bus System Message Bus Socket.
[cloud-init[970]: |              ==+|[0;32m  OK  [0m] Listening on UUID daemon activation socket.
[   17.094608] cloud-init[970]: +----[SHA256]-----+
[   17.099006] cloud-init
[[0;32m  OK  [0m[970]: Generating public/private dsa key pair.
] Listening on ACPID Listen Socket.
         [   17.116578] cloud-init[970]: Your identification has been saved in /etc/ssh/ssh_host_dsa_key.Starting Socket activation for snappy daemon.
[   17.129678] cloud-init[970]: Your public key has been saved in /etc/ssh/ssh_host_dsa_key.pub.
[[0;32m  OK  [0m] 
[   17.146194] cloud-init[970]: The key fingerprint is:
[   17.151390] cloud-init[970]: SHA256:8lCDLwdqa6SXB+V50tG8xyBocG0zgpQc+VqxZa9eFfQ root@ubuntu-xenialStarted Ubuntu Advantage update messaging.
[[0;32m  OK  [0m] Started Message of the Day.
[[0;32m  OK  [0m
[   17.174986] cloud-init] Started Daily apt download activities.
[[0;32m  OK  [0m] Started Daily apt upgrade and clean activities.
[970]: The key's randomart image is:
[[0;32m  OK  [0m] Reached target Timers.
[[0;32m  OK  [0m] Reached target Cloud-config availability.
[[0;32m  OK  [0m] Listening on LXD - unix socket.[   17.210056] 
[cloud-init[0;32m  OK  [0m[970]: ] Listening on Socket activation for snappy daemon.
[+---[DSA 1024]----+
[   17.249911] cloud-init[970]: [0;32m  OK  [0m] Reached target Sockets.|   o+=..   ..    |
[   17.258919] 
[[0;32m  OK  [0mcloud-init[970]: |    =oooBo  ..   |] Reached target Basic System.

[[   17.276985] cloud-init[970]: [0;32m  OK  [0m] Started ACPI event daemon.|     .*B=++  .E  |

[[0;32m  OK  [0m[   17.300589] cloud-init[970]: |     =+* +.+.    |] Started D-Bus System Message Bus.

[   17.319446] cloud-init[970]: |    =oB S...o    |
[   17.336060] cloud-init[970]: |   +.+ O. ..     |
[   17.354405] cloud-init[970]: |  . = ....       |
[   17.367854] cloud-init[970]: [[0;32m  OK  [0m] Started Deferred execution scheduler.|   o .  .        |
[   17.383878] 
cloud-init         Starting LXD - container startup/shutdown...
[970]: |                 |
         Starting Accounts Service...[   17.405234] cloud-init
         Starting Login Service...
[970]: +----[SHA256]-----+         Starting LSB: Record successful boot for GRUB...

         Starting /etc/rc.local Compatibility...
[[0;32m  OK  [0m] Started FUSE filesystem for LXC.
         Starting LSB: MD monitoring daemon...
         Starting Virtualbox guest utils...
         Starting Snap Daemon...[   17.518352] 
cloud-init         Starting Pollinate to seed the pseudo random number generator...
         Starting System Logging Service...
[[0;32m  OK  [0m] Started Regular background program processing daemon.
[[0;32m  OK  [0m] Started /etc/rc.local Compatibility.
[970]: [[0;32m  OK  [0m] Started iSCSI initiator daemon (iscsid).
Generating public/private ecdsa key pair.         Starting Login to default iSCSI targets...
[[0;32m  OK  [0m] Started Login Service.
[[0;32m  OK  [0m] Started Unattended Upgrades Shutdown.

[[0;32m  OK  [0m[   17.756409] cloud-init] Started Login to default iSCSI targets.
[[0;32m  OK  [0m] Reached target Remote File Systems (Pre).
[[0;32m  OK  [0m] Reached target Remote File Systems.[970]: Your identification has been saved in /etc/ssh/ssh_host_ecdsa_key.
         Starting LSB: Set the CPU Frequency Scaling governor to "ondemand"...
         Starting Permit User Sessions...
         Starting LSB: automatic crash report generation...
         Starting LSB: daemon to balance interrupts for SMP systems...
[[0;32m  OK  [0m] Started Permit User Sessions.
         Starting Terminate Plymouth Boot Screen...
         Starting Hold until boot process finishes up...
[[0;32m  OK  [0m] Started Hold until boot process finishes up.
[[0;32m  OK  [0m] Started Terminate Plymouth Boot Screen.
[[0;32m  OK  [0m] 
Started System Logging Service.
[[0;32m  OK  [0m] Started Serial Getty on ttyS0.
[[0;32m  OK  [0m] Started Getty on tty1.
[[0;32m  OK  [0m] Reached target Login Prompts.
         Starting Set console scheme...
[[0;32m  OK  [0m] Started Set console scheme.
         Starting Authenticate and Authorize Users to Run Privileged Tasks...
[   18.074694] [[0;32m  OK  [0m] Started LSB: Set the CPU Frequency Scaling governor to "ondemand".
[[0;32m  OK  [0m] Started LSB: MD monitoring daemon.
cloud-init[970]: Your public key has been saved in /etc/ssh/ssh_host_ecdsa_key.pub.[[0;32m  OK  [0m] Started LSB: Record successful boot for GRUB.

[   18.241193] cloud-init[[0;32m  OK  [0m] Started Authenticate and Authorize Users to Run Privileged Tasks.
[[0;32m  OK  [0m] Started LSB: daemon to balance interrupts for SMP systems.
[[0;32m  OK  [0m] Started Accounts Service.[970]: 
The key fingerprint is:
[   18.333895] cloud-init[[0;32m  OK  [0m] Started LSB: automatic crash report generation.[970]: 
SHA256:+Gge7Ezm2TeR2CwagTUcCdRCMxFili7z1AP0I69UNIM root@ubuntu-xenial
[   18.424407] cloud-init[970]: The key's randomart image is:
[   18.485189] cloud-init[970]: [[0;32m  OK  [0m] Started LXD - container startup/shutdown.
+---[ECDSA 256]---+
[   18.562606] cloud-init[970]: | .==%*.o         |
[   18.641480] cloud-init[970]: | oE+.=*          |
[   18.689123] cloud-init[970]: [[0;32m  OK  [0m] Started Virtualbox guest utils.
| ..o++ .         |
[   18.765220] cloud-init[970]: |o o++...         |
[   18.801430] cloud-init[970]: | =. ....S+ .     |
[   18.847653] cloud-init[970]: | ... ..oo =      |
[   18.895010] cloud-init[970]: |  .   Bo.. .     |
[   18.931084] cloud-init[970]: |     O.+  o      |
[   18.981835] cloud-init[970]: |      * .. .     |
[[0;32m  OK  [0m] [   19.016464] cloud-init[970]: +----[SHA256]-----+Started Pollinate to seed the pseudo random number generator.
         Starting OpenBSD Secure Shell server...

[   19.078360] cloud-init[970]: Generating public/private ed25519 key pair.
[   19.149748] [[0;32m  OK  [0m] Started OpenBSD Secure Shell server.
cloud-init[970]: Your identification has been saved in /etc/ssh/ssh_host_ed25519_key.
[   19.210435] cloud-init[970]: Your public key has been saved in /etc/ssh/ssh_host_ed25519_key.pub.
[   19.233224] cloud-init[970]: The key fingerprint is:
[   19.258329] cloud-init[970]: SHA256:GAX8YxHFKGa1FTXy16+K7mZcyjTAPKDWanAFQCe67mU root@ubuntu-xenial
[   19.282388] cloud-init[970]: The key's randomart image is:
[   19.307452] cloud-init[970]: +--[ED25519 256]--+
[   19.329084] cloud-init[970]: | .+.oo.o+==oo    |
[[0;32m  OK  [0m] Started Snap Daemon.
[   19.350640] cloud-init         Starting Wait until snapd is fully seeded...
[970]: | . o  B.oo.o . . |
[   19.417682] cloud-init[970]: [[0;32m  OK  [0m] Created slice User Slice of vagrant.|.    *.*..  . . .|

         Starting User Manager for UID 1000...
[[0;32m  OK  [0m] Started Session 1 of user vagrant.[   19.462776] 
cloud-init[970]: [[0;32m  OK  [0m] Started User Manager for UID 1000.| .. + .oO    .  .|

[   19.557901] cloud-init[970]: |.  + ...S+      .|
[   19.647035] cloud-init[970]: |.   o     o .  . |
[   19.708716] cloud-init[970]: | . E     + +  .  |
[   19.752547] cloud-init[970]: |. o       *. .   |
[   19.804005] cloud-init[970]: | .       =+ .    |
[   19.839820] cloud-init[970]: +----[SHA256]-----+
[[0;32m  OK  [0m] Started Wait until snapd is fully seeded.
[[0;32m  OK  [0m] Reached target Multi-User System.
[[0;32m  OK  [0m] Reached target Graphical Interface.
         Starting Update UTMP about System Runlevel Changes...
         Starting Apply the settings specified in cloud-config...
[[0;32m  OK  [0m] Started Update UTMP about System Runlevel Changes.
[   24.105750] cloud-init[1443]: Generating locales (this might take a while)...

Ubuntu 16.04.7 LTS ubuntu-xenial ttyS0

ubuntu-xenial login: [   26.226701] cloud-init[1443]:   en_US.UTF-8... done
[   26.238812] cloud-init[1443]: Generation complete.
[   26.819581] cloud-init[1443]: Cloud-init v. 21.1-19-gbad84ad4-0ubuntu1~16.04.2 running 'modules:config' at Sun, 25 Feb 2024 18:18:52 +0000. Up 23.74 seconds.
ci-info: no authorized SSH keys fingerprints found for user ubuntu.
<14>Feb 25 18:18:57 ec2: 
<14>Feb 25 18:18:57 ec2: #############################################################
<14>Feb 25 18:18:57 ec2: -----BEGIN SSH HOST KEY FINGERPRINTS-----
<14>Feb 25 18:18:57 ec2: 1024 SHA256:8lCDLwdqa6SXB+V50tG8xyBocG0zgpQc+VqxZa9eFfQ root@ubuntu-xenial (DSA)
<14>Feb 25 18:18:57 ec2: 256 SHA256:+Gge7Ezm2TeR2CwagTUcCdRCMxFili7z1AP0I69UNIM root@ubuntu-xenial (ECDSA)
<14>Feb 25 18:18:57 ec2: 256 SHA256:GAX8YxHFKGa1FTXy16+K7mZcyjTAPKDWanAFQCe67mU root@ubuntu-xenial (ED25519)
<14>Feb 25 18:18:57 ec2: 2048 SHA256:jVnbWvPLfdwxj0s+QFzRaphnu3PT3UDyJxDWbRpa2ow root@ubuntu-xenial (RSA)
<14>Feb 25 18:18:57 ec2: -----END SSH HOST KEY FINGERPRINTS-----
<14>Feb 25 18:18:57 ec2: #############################################################
-----BEGIN SSH HOST KEY KEYS-----
ecdsa-sha2-nistp256 AAAAE2VjZHNhLXNoYTItbmlzdHAyNTYAAAAIbmlzdHAyNTYAAABBBMcC4vYbit8cCWKKp289MKa8pcjJPA+OltwHCZ8bonC0OrbOV3EOwvqUUsdf13fNNHcNb3Aeqow46i7ECLM3g4E= root@ubuntu-xenial
ssh-ed25519 AAAAC3NzaC1lZDI1NTE5AAAAIDc4FP9Iw8t+1sraREwPI8fymdhafbHWpC/QswrH8Cdo root@ubuntu-xenial
ssh-rsa AAAAB3NzaC1yc2EAAAADAQABAAABAQDFNgfo9iASMk5eBMmchaItb6sY+ZAldWcmXOuB8Go3Lx1BkRmi0GLSu5vk4718iqCi57RQIkExxRbuMFKH1cAYi6XqpMSc94gDZmFHkpStsM3cRgoNeWF4Rn32IWd5ZV0iyxCCZsXzK3msdC+eHH3SvNf2dMQKAR6y1D37fqN98kj/7SUfn/dsLhY7wqBkJdHcJ5DTNDm5B2NeGoMtBHkzuHskElxfkdgUnmXn/aVCNqev4xBAxAiQ6gZ3jMtV6Stei76Dj8898E96qINnEa0G5rui/vj47dBo77/c/S4XfdVR/S9MAMpzfpRxVzk2Xivn/W9B5XF7omrzFDSXk6jn root@ubuntu-xenial
-----END SSH HOST KEY KEYS-----
[   28.263173] cloud-init[1601]: Cloud-init v. 21.1-19-gbad84ad4-0ubuntu1~16.04.2 running 'modules:final' at Sun, 25 Feb 2024 18:18:57 +0000. Up 27.75 seconds.
[   28.304703] cloud-init[1601]: ci-info: no authorized SSH keys fingerprints found for user ubuntu.
[   28.322554] cloud-init[1601]: Cloud-init v. 21.1-19-gbad84ad4-0ubuntu1~16.04.2 finished at Sun, 25 Feb 2024 18:18:57 +0000. Datasource DataSourceNoCloud [seed=/dev/sdb][dsmode=net].  Up 28.24 seconds
